Log file open, 08/16/16 17:19:48
LogInit:Display: Running engine for game: MyProject
LogPlatformFile: Not using cached read wrapper
LogInit:Display: RandInit(-1424775398) SRandInit(-1424775398).
LogTaskGraph: Started task graph with 5 named threads and 8 total threads with 1 sets of task threads.
LogStats: Stats thread started at 0.133420
LogPluginManager: Loaded Plugin Paper2D, From D:/Epic Games/4.13/Engine/Plugins/2D/Paper2D/Paper2D.uplugin
LogPluginManager: Loaded Plugin LightPropagationVolume, From D:/Epic Games/4.13/Engine/Plugins/Blendables/LightPropagationVolume/LightPropagationVolume.uplugin
LogPluginManager: Loaded Plugin BlankPlugin, From D:/Epic Games/4.13/Engine/Plugins/Developer/BlankPlugin/BlankPlugin.uplugin
LogPluginManager: Loaded Plugin CodeLiteSourceCodeAccess, From D:/Epic Games/4.13/Engine/Plugins/Developer/CodeLiteSourceCodeAccess/CodeLiteSourceCodeAccess.uplugin
LogPluginManager: Loaded Plugin GitSourceControl, From D:/Epic Games/4.13/Engine/Plugins/Developer/GitSourceControl/GitSourceControl.uplugin
LogPluginManager: Loaded Plugin KDevelopSourceCodeAccess, From D:/Epic Games/4.13/Engine/Plugins/Developer/KDevelopSourceCodeAccess/KDevelopSourceCodeAccess.uplugin
LogPluginManager: Loaded Plugin NullSourceCodeAccess, From D:/Epic Games/4.13/Engine/Plugins/Developer/NullSourceCodeAccess/NullSourceCodeAccess.uplugin
LogPluginManager: Loaded Plugin OneSkyLocalizationService, From D:/Epic Games/4.13/Engine/Plugins/Developer/OneSkyLocalizationService/OneSkyLocalizationService.uplugin
LogPluginManager: Loaded Plugin PerforceSourceControl, From D:/Epic Games/4.13/Engine/Plugins/Developer/PerforceSourceControl/PerforceSourceControl.uplugin
LogPluginManager: Loaded Plugin SubversionSourceControl, From D:/Epic Games/4.13/Engine/Plugins/Developer/SubversionSourceControl/SubversionSourceControl.uplugin
LogPluginManager: Loaded Plugin UObjectPlugin, From D:/Epic Games/4.13/Engine/Plugins/Developer/UObjectPlugin/UObjectPlugin.uplugin
LogPluginManager: Loaded Plugin VisualStudioSourceCodeAccess, From D:/Epic Games/4.13/Engine/Plugins/Developer/VisualStudioSourceCodeAccess/VisualStudioSourceCodeAccess.uplugin
LogPluginManager: Loaded Plugin XCodeSourceCodeAccess, From D:/Epic Games/4.13/Engine/Plugins/Developer/XCodeSourceCodeAccess/XCodeSourceCodeAccess.uplugin
LogPluginManager: Loaded Plugin EpicSurvey, From D:/Epic Games/4.13/Engine/Plugins/Editor/EpicSurvey/EpicSurvey.uplugin
LogPluginManager: Loaded Plugin MacGraphicsSwitching, From D:/Epic Games/4.13/Engine/Plugins/Editor/MacGraphicsSwitching/MacGraphicsSwitching.uplugin
LogPluginManager: Loaded Plugin MobileLauncherProfileWizard, From D:/Epic Games/4.13/Engine/Plugins/Editor/MobileLauncherProfileWizard/MobileLauncherProfileWizard.uplugin
LogPluginManager: Loaded Plugin PluginBrowser, From D:/Epic Games/4.13/Engine/Plugins/Editor/PluginBrowser/PluginBrowser.uplugin
LogPluginManager: Loaded Plugin SpeedTreeImporter, From D:/Epic Games/4.13/Engine/Plugins/Editor/SpeedTreeImporter/SpeedTreeImporter.uplugin
LogPluginManager: Loaded Plugin SuperSearchEditor, From D:/Epic Games/4.13/Engine/Plugins/Editor/SuperSearchEditor/SuperSearchEditor.uplugin
LogPluginManager: Loaded Plugin AlembicImporter, From D:/Epic Games/4.13/Engine/Plugins/Experimental/AlembicImporter/AlembicImporter.uplugin
LogPluginManager: Loaded Plugin BlueprintStats, From D:/Epic Games/4.13/Engine/Plugins/Experimental/BlueprintStats/BlueprintStats.uplugin
LogPluginManager: Loaded Plugin CharacterAI, From D:/Epic Games/4.13/Engine/Plugins/Experimental/CharacterAI/CharacterAI.uplugin
LogPluginManager: Loaded Plugin CodeEditor, From D:/Epic Games/4.13/Engine/Plugins/Experimental/CodeEditor/CodeEditor.uplugin
LogPluginManager: Loaded Plugin CodeView, From D:/Epic Games/4.13/Engine/Plugins/Experimental/CodeView/CodeView.uplugin
LogPluginManager: Loaded Plugin HTML5Networking, From D:/Epic Games/4.13/Engine/Plugins/Experimental/HTML5Networking/HTML5Networking.uplugin
LogPluginManager: Loaded Plugin LiveEditor, From D:/Epic Games/4.13/Engine/Plugins/Experimental/LiveEditor/LiveEditor.uplugin
LogPluginManager: Loaded Plugin OSVR, From D:/Epic Games/4.13/Engine/Plugins/Experimental/OSVR/OSVR.uplugin
LogPluginManager: Loaded Plugin Phya, From D:/Epic Games/4.13/Engine/Plugins/Experimental/Phya/Phya.uplugin
LogPluginManager: Loaded Plugin SignificanceManager, From D:/Epic Games/4.13/Engine/Plugins/Experimental/SignificanceManager/SignificanceManager.uplugin
LogPluginManager: Loaded Plugin SimpleHMD, From D:/Epic Games/4.13/Engine/Plugins/Experimental/SimpleHMD/SimpleHMD.uplugin
LogPluginManager: Loaded Plugin StereoPanorama, From D:/Epic Games/4.13/Engine/Plugins/Experimental/StereoPanorama/StereoPanorama.uplugin
LogPluginManager: Loaded Plugin StructBox, From D:/Epic Games/4.13/Engine/Plugins/Experimental/StructBox/StructBox.uplugin
LogPluginManager: Loaded Plugin AndroidMedia, From D:/Epic Games/4.13/Engine/Plugins/Media/AndroidMedia/AndroidMedia.uplugin
LogPluginManager: Loaded Plugin AvfMedia, From D:/Epic Games/4.13/Engine/Plugins/Media/AvfMedia/AvfMedia.uplugin
LogPluginManager: Loaded Plugin MediaPlayerEditor, From D:/Epic Games/4.13/Engine/Plugins/Media/MediaPlayerEditor/MediaPlayerEditor.uplugin
LogPluginManager: Loaded Plugin WmfMedia, From D:/Epic Games/4.13/Engine/Plugins/Media/WmfMedia/WmfMedia.uplugin
LogPluginManager: Loaded Plugin MessagingDebugger, From D:/Epic Games/4.13/Engine/Plugins/Messaging/MessagingDebugger/MessagingDebugger.uplugin
LogPluginManager: Loaded Plugin TcpMessaging, From D:/Epic Games/4.13/Engine/Plugins/Messaging/TcpMessaging/TcpMessaging.uplugin
LogPluginManager: Loaded Plugin UdpMessaging, From D:/Epic Games/4.13/Engine/Plugins/Messaging/UdpMessaging/UdpMessaging.uplugin
LogPluginManager: Loaded Plugin LevelSequenceEditor, From D:/Epic Games/4.13/Engine/Plugins/MovieScene/LevelSequenceEditor/LevelSequenceEditor.uplugin
LogPluginManager: Loaded Plugin MatineeToLevelSequence, From D:/Epic Games/4.13/Engine/Plugins/MovieScene/MatineeToLevelSequence/MatineeToLevelSequence.uplugin
LogPluginManager: Loaded Plugin NetcodeUnitTest, From D:/Epic Games/4.13/Engine/Plugins/NetcodeUnitTest/NetcodeUnitTest/NetcodeUnitTest.uplugin
LogPluginManager: Loaded Plugin NUTUnrealEngine4, From D:/Epic Games/4.13/Engine/Plugins/NetcodeUnitTest/NUTUnrealEngine4/NUTUnrealEngine4.uplugin
LogPluginManager: Loaded Plugin OnlineSubsystemGooglePlay, From D:/Epic Games/4.13/Engine/Plugins/Online/Android/OnlineSubsystemGooglePlay/OnlineSubsystemGooglePlay.uplugin
LogPluginManager: Loaded Plugin OnlineSubsystemIOS, From D:/Epic Games/4.13/Engine/Plugins/Online/IOS/OnlineSubsystemIOS/OnlineSubsystemIOS.uplugin
LogPluginManager: Loaded Plugin OnlineFramework, From D:/Epic Games/4.13/Engine/Plugins/Online/OnlineFramework/OnlineFramework.uplugin
LogPluginManager: Loaded Plugin OnlineSubsystem, From D:/Epic Games/4.13/Engine/Plugins/Online/OnlineSubsystem/OnlineSubsystem.uplugin
LogPluginManager: Loaded Plugin OnlineSubsystemAmazon, From D:/Epic Games/4.13/Engine/Plugins/Online/OnlineSubsystemAmazon/OnlineSubsystemAmazon.uplugin
LogPluginManager: Loaded Plugin OnlineSubsystemFacebook, From D:/Epic Games/4.13/Engine/Plugins/Online/OnlineSubsystemFacebook/OnlineSubsystemFacebook.uplugin
LogPluginManager: Loaded Plugin OnlineSubsystemNull, From D:/Epic Games/4.13/Engine/Plugins/Online/OnlineSubsystemNull/OnlineSubsystemNull.uplugin
LogPluginManager: Loaded Plugin OnlineSubsystemOculus, From D:/Epic Games/4.13/Engine/Plugins/Online/OnlineSubsystemOculus/OnlineSubsystemOculus.uplugin
LogPluginManager: Loaded Plugin OnlineSubsystemSteam, From D:/Epic Games/4.13/Engine/Plugins/Online/OnlineSubsystemSteam/OnlineSubsystemSteam.uplugin
LogPluginManager: Loaded Plugin OnlineSubsystemUtils, From D:/Epic Games/4.13/Engine/Plugins/Online/OnlineSubsystemUtils/OnlineSubsystemUtils.uplugin
LogPluginManager: Loaded Plugin IOSTapJoy, From D:/Epic Games/4.13/Engine/Plugins/Runtime/Advertising/IOSTapJoy/IOSTapJoy.uplugin
LogPluginManager: Loaded Plugin AnalyticsBlueprintLibrary, From D:/Epic Games/4.13/Engine/Plugins/Runtime/Analytics/AnalyticsBlueprintLibrary/AnalyticsBlueprintLibrary.uplugin
LogPluginManager: Loaded Plugin AnalyticsMulticast, From D:/Epic Games/4.13/Engine/Plugins/Runtime/Analytics/AnalyticsMulticast/AnalyticsMulticast.uplugin
LogPluginManager: Loaded Plugin Apsalar, From D:/Epic Games/4.13/Engine/Plugins/Runtime/Analytics/Apsalar/Apsalar.uplugin
LogPluginManager: Loaded Plugin FileLogging, From D:/Epic Games/4.13/Engine/Plugins/Runtime/Analytics/FileLogging/FileLogging.uplugin
LogPluginManager: Loaded Plugin Flurry, From D:/Epic Games/4.13/Engine/Plugins/Runtime/Analytics/Flurry/Flurry.uplugin
LogPluginManager: Loaded Plugin AndroidDeviceProfileSelector, From D:/Epic Games/4.13/Engine/Plugins/Runtime/AndroidDeviceProfileSelector/AndroidDeviceProfileSelector.uplugin
LogPluginManager: Loaded Plugin AndroidMoviePlayer, From D:/Epic Games/4.13/Engine/Plugins/Runtime/AndroidMoviePlayer/AndroidMoviePlayer.uplugin
LogPluginManager: Loaded Plugin AppleMoviePlayer, From D:/Epic Games/4.13/Engine/Plugins/Runtime/AppleMoviePlayer/AppleMoviePlayer.uplugin
LogPluginManager: Loaded Plugin ArchVisCharacter, From D:/Epic Games/4.13/Engine/Plugins/Runtime/ArchVisCharacter/ArchVisCharacter.uplugin
LogPluginManager: Loaded Plugin CableComponent, From D:/Epic Games/4.13/Engine/Plugins/Runtime/CableComponent/CableComponent.uplugin
LogPluginManager: Loaded Plugin CustomMeshComponent, From D:/Epic Games/4.13/Engine/Plugins/Runtime/CustomMeshComponent/CustomMeshComponent.uplugin
LogPluginManager: Loaded Plugin ExampleDeviceProfileSelector, From D:/Epic Games/4.13/Engine/Plugins/Runtime/ExampleDeviceProfileSelector/ExampleDeviceProfileSelector.uplugin
LogPluginManager: Loaded Plugin GearVR, From D:/Epic Games/4.13/Engine/Plugins/Runtime/GearVR/GearVR.uplugin
LogPluginManager: Loaded Plugin GoogleVRController, From D:/Epic Games/4.13/Engine/Plugins/Runtime/GoogleVR/GoogleVRController/GoogleVRController.uplugin
LogPluginManager: Loaded Plugin GoogleVRHMD, From D:/Epic Games/4.13/Engine/Plugins/Runtime/GoogleVR/GoogleVRHMD/GoogleVRHMD.uplugin
LogPluginManager: Loaded Plugin IOSDeviceProfileSelector, From D:/Epic Games/4.13/Engine/Plugins/Runtime/IOSDeviceProfileSelector/IOSDeviceProfileSelector.uplugin
LogPluginManager: Loaded Plugin LeapMotion, From D:/Epic Games/4.13/Engine/Plugins/Runtime/LeapMotion/LeapMotion.uplugin
LogPluginManager: Loaded Plugin LinuxDeviceProfileSelector, From D:/Epic Games/4.13/Engine/Plugins/Runtime/LinuxDeviceProfileSelector/LinuxDeviceProfileSelector.uplugin
LogPluginManager: Loaded Plugin LiveEditorListenServer, From D:/Epic Games/4.13/Engine/Plugins/Runtime/LiveEditorListenServer/LiveEditorListenServer.uplugin
LogPluginManager: Loaded Plugin OculusAudio, From D:/Epic Games/4.13/Engine/Plugins/Runtime/OculusAudio/OculusAudio.uplugin
LogPluginManager: Loaded Plugin OculusInput, From D:/Epic Games/4.13/Engine/Plugins/Runtime/OculusInput/OculusInput.uplugin
LogPluginManager: Loaded Plugin OculusLibrary, From D:/Epic Games/4.13/Engine/Plugins/Runtime/OculusLibrary/OculusLibrary.uplugin
LogPluginManager: Loaded Plugin OculusRift, From D:/Epic Games/4.13/Engine/Plugins/Runtime/OculusRift/OculusRift.uplugin
LogPluginManager: Loaded Plugin Oodle, From D:/Epic Games/4.13/Engine/Plugins/Runtime/PacketHandlers/CompressionComponents/Oodle/Oodle.uplugin
LogPluginManager: Loaded Plugin ProceduralMeshComponent, From D:/Epic Games/4.13/Engine/Plugins/Runtime/ProceduralMeshComponent/ProceduralMeshComponent.uplugin
LogPluginManager: Loaded Plugin SoundMod, From D:/Epic Games/4.13/Engine/Plugins/Runtime/SoundMod/SoundMod.uplugin
LogPluginManager: Loaded Plugin SoundVisualizations, From D:/Epic Games/4.13/Engine/Plugins/Runtime/SoundVisualizations/SoundVisualizations.uplugin
LogPluginManager: Loaded Plugin SteamController, From D:/Epic Games/4.13/Engine/Plugins/Runtime/Steam/SteamController/SteamController.uplugin
LogPluginManager: Loaded Plugin SteamVR, From D:/Epic Games/4.13/Engine/Plugins/Runtime/Steam/SteamVR/SteamVR.uplugin
LogPluginManager: Loaded Plugin WebBrowserWidget, From D:/Epic Games/4.13/Engine/Plugins/Runtime/WebBrowserWidget/WebBrowserWidget.uplugin
LogPluginManager: Loaded Plugin WindowsDeviceProfileSelector, From D:/Epic Games/4.13/Engine/Plugins/Runtime/WindowsDeviceProfileSelector/WindowsDeviceProfileSelector.uplugin
LogPluginManager: Loaded Plugin WindowsMoviePlayer, From D:/Epic Games/4.13/Engine/Plugins/Runtime/WindowsMoviePlayer/WindowsMoviePlayer.uplugin
LogPluginManager: Loaded Plugin ScriptPlugin, From D:/Epic Games/4.13/Engine/Plugins/ScriptPlugin/ScriptPlugin.uplugin
LogPluginManager: Loaded Plugin SlateRemote, From D:/Epic Games/4.13/Engine/Plugins/Slate/SlateRemote/SlateRemote.uplugin
LogInit: Using libcurl 7.47.1
LogInit:  - built for x86_64-pc-win32
LogInit:  - supports SSL with WinSSL
LogInit:  - other features:
LogInit:      CURL_VERSION_SSL
LogInit:      CURL_VERSION_IPV6
LogInit:      CURL_VERSION_ASYNCHDNS
LogInit:      CURL_VERSION_LARGEFILE
LogInit:      CURL_VERSION_IDN
LogInit:  CurlRequestOptions (configurable via config and command line):
LogInit:  - bVerifyPeer = false  - Libcurl will NOT verify peer certificate
LogInit:  - bUseHttpProxy = false  - Libcurl will NOT use HTTP proxy
LogInit:  - bDontReuseConnections = false  - Libcurl will reuse connections
LogInit:  - CertBundlePath = nullptr  - Libcurl will use whatever was configured at build time.
LogInit: Build: ++UE4+Release-4.13-CL-3072953
LogInit: Engine Version: 4.13.0-3072953+++UE4+Release-4.13
LogInit: Compatible Engine Version: 4.13.0-3072953+++UE4+Release-4.13
LogInit: Net CL: 3072953
LogDevObjectVersion: Number of dev versions registered: 13
LogDevObjectVersion:   Dev-Blueprints (B0D832E4-1F89-4F0D-ACCF-7EB736FD4AA2): 4
LogDevObjectVersion:   Dev-Build (E1C64328-A22C-4D53-A36C-8E866417BD8C): 0
LogDevObjectVersion:   Dev-Core (375EC13C-06E4-48FB-B500-84F0262A717E): 1
LogDevObjectVersion:   Dev-Editor (E4B068ED-F494-42E9-A231-DA0B2E46BB41): 5
LogDevObjectVersion:   Dev-Framework (CFFC743F-43B0-4480-9391-14DF171D2073): 12
LogDevObjectVersion:   Dev-Mobile (B02B49B5-BB20-44E9-A304-32B752E40360): 0
LogDevObjectVersion:   Dev-Networking (A4E4105C-59A1-49B5-A7C5-40C4547EDFEE): 0
LogDevObjectVersion:   Dev-Online (39C831C9-5AE6-47DC-9A44-9C173E1C8E7C): 0
LogDevObjectVersion:   Dev-Physics (78F01B33-EBEA-4F98-B9B4-84EACCB95AA2): 0
LogDevObjectVersion:   Dev-Platform (6631380F-2D4D-43E0-8009-CF276956A95A): 0
LogDevObjectVersion:   Dev-Rendering (12F88B9F-8875-4AFC-A67C-D90C383ABD29): 4
LogDevObjectVersion:   Dev-Sequencer (7B5AE74C-D270-4C10-A958-57980B212A5A): 0
LogDevObjectVersion:   Dev-VR (D7296918-1DD6-4BDD-9DE2-64A83CC13884): 0
LogInit: Compiled (64-bit): Aug  2 2016 02:09:21
LogInit: Compiled with Visual C++: 19.00.23026.00
LogInit: Build Configuration: Development
LogInit: Branch Name: ++UE4+Release-4.13
LogInit: Command line: 
LogInit: Base directory: D:/Epic Games/4.13/Engine/Binaries/Win64/
LogInit: Installed Engine Build: 1
LogInit: Presizing for max 8388607 objects, including 0 objects not considered by GC, pre-allocating 0 bytes for permanent pool.
LogInit: Object subsystem initialized
[2016.08.17-00.19.48:778][  0]LogConsoleManager:Display: Setting the console variable 'r.RHICmdBypass' with 'SetByProjectSetting' was ignored as it is lower priority than the previous 'SetBySystemSettingsIni'
[2016.08.17-00.19.48:786][  0]LogConsoleManager:Warning: Setting the console variable 'r.PostProcessAAQuality' with 'SetByScalability' was ignored as it is lower priority than the previous 'SetByProjectSetting'
[2016.08.17-00.19.48:786][  0]LogConsoleManager:Warning: Setting the console variable 'r.MotionBlurQuality' with 'SetByScalability' was ignored as it is lower priority than the previous 'SetByProjectSetting'
[2016.08.17-00.19.48:786][  0]LogConsoleManager:Warning: Setting the console variable 'r.AmbientOcclusionLevels' with 'SetByScalability' was ignored as it is lower priority than the previous 'SetByProjectSetting'
[2016.08.17-00.19.48:786][  0]LogConsoleManager:Warning: Setting the console variable 'r.DepthOfFieldQuality' with 'SetByScalability' was ignored as it is lower priority than the previous 'SetByProjectSetting'
[2016.08.17-00.19.48:786][  0]LogConsoleManager:Warning: Setting the console variable 'r.LensFlareQuality' with 'SetByScalability' was ignored as it is lower priority than the previous 'SetByProjectSetting'
[2016.08.17-00.19.48:786][  0]LogConsoleManager:Warning: Setting the console variable 'r.SceneColorFringeQuality' with 'SetByScalability' was ignored as it is lower priority than the previous 'SetByProjectSetting'
[2016.08.17-00.19.48:786][  0]LogConsoleManager:Warning: Setting the console variable 'r.BloomQuality' with 'SetByScalability' was ignored as it is lower priority than the previous 'SetByProjectSetting'
[2016.08.17-00.19.48:787][  0]LogConsoleManager:Warning: Setting the console variable 'r.FastBlurThreshold' with 'SetByScalability' was ignored as it is lower priority than the previous 'SetByProjectSetting'
[2016.08.17-00.19.48:787][  0]LogConsoleManager:Warning: Setting the console variable 'r.MaxAnisotropy' with 'SetByScalability' was ignored as it is lower priority than the previous 'SetByProjectSetting'
[2016.08.17-00.19.48:787][  0]LogConsoleManager:Warning: Setting the console variable 'r.TranslucencyLightingVolumeDim' with 'SetByScalability' was ignored as it is lower priority than the previous 'SetByProjectSetting'
[2016.08.17-00.19.48:787][  0]LogConsoleManager:Warning: Setting the console variable 'r.SSR.Quality' with 'SetByScalability' was ignored as it is lower priority than the previous 'SetByProjectSetting'
[2016.08.17-00.19.48:787][  0]LogConsoleManager:Warning: Setting the console variable 'r.SceneColorFormat' with 'SetByScalability' was ignored as it is lower priority than the previous 'SetByProjectSetting'
[2016.08.17-00.19.48:787][  0]LogConsoleManager:Warning: Setting the console variable 'r.TranslucencyVolumeBlur' with 'SetByScalability' was ignored as it is lower priority than the previous 'SetByProjectSetting'
[2016.08.17-00.19.48:787][  0]LogInit: Selected Device Profile: [Windows]
[2016.08.17-00.19.48:787][  0]LogInit: Applying CVar settings loaded from the selected device profile: [Windows]
[2016.08.17-00.19.48:871][  0]LogInit: Computer: DESKTOP-EO5RCL8
[2016.08.17-00.19.48:871][  0]LogInit: User: PC
[2016.08.17-00.19.48:872][  0]LogInit: CPU Page size=65536, Cores=4
[2016.08.17-00.19.48:872][  0]LogInit: High frequency timer resolution =2.531255 MHz
[2016.08.17-00.19.48:873][  0]LogMemory: Memory total: Physical=15.9GB (16GB approx)
[2016.08.17-00.19.48:873][  0]LogMemory: Platform Memory Stats for Windows
[2016.08.17-00.19.48:873][  0]LogMemory: Process Physical Memory: 256.03 MB used, 256.03 MB peak
[2016.08.17-00.19.48:873][  0]LogMemory: Process Virtual Memory: 259.93 MB used, 259.93 MB peak
[2016.08.17-00.19.48:873][  0]LogMemory: Physical Memory: 4695.54 MB used, 16282.54 MB total
[2016.08.17-00.19.48:873][  0]LogMemory: Virtual Memory: 618.85 MB used, 134217728.00 MB total
[2016.08.17-00.19.49:014][  0]LogTextLocalizationManager: No specific translations for ('en-US') exist, so ('en') translations will be used.
[2016.08.17-00.19.51:354][  0]LogD3D11RHI: D3D11 adapters:
[2016.08.17-00.19.51:432][  0]LogD3D11RHI:    0. 'NVIDIA GeForce GTX 960M' (Feature Level 11_0)
[2016.08.17-00.19.51:432][  0]LogD3D11RHI:       4064/0/8141 MB DedicatedVideo/DedicatedSystem/SharedSystem, Outputs:1, VendorId:0x10de
[2016.08.17-00.19.51:451][  0]LogD3D11RHI:    1. 'Intel(R) HD Graphics 530' (Feature Level 11_0)
[2016.08.17-00.19.51:451][  0]LogD3D11RHI:       128/0/8141 MB DedicatedVideo/DedicatedSystem/SharedSystem, Outputs:0, VendorId:0x8086
[2016.08.17-00.19.51:456][  0]LogD3D11RHI:    2. 'Microsoft Basic Render Driver' (Feature Level 11_0)
[2016.08.17-00.19.51:456][  0]LogD3D11RHI:       0/0/8141 MB DedicatedVideo/DedicatedSystem/SharedSystem, Outputs:0, VendorId:0x1414
[2016.08.17-00.19.51:456][  0]LogD3D11RHI: Chosen D3D11 Adapter: 0
[2016.08.17-00.19.51:470][  0]LogD3D11RHI: Creating new Direct3DDevice
[2016.08.17-00.19.51:470][  0]LogD3D11RHI:     GPU DeviceId: 0x139b (for the marketing name, search the web for "GPU Device Id")
[2016.08.17-00.19.51:470][  0]LogWindows: EnumDisplayDevices:
[2016.08.17-00.19.51:471][  0]LogWindows:    0. 'Intel(R) HD Graphics 530' (P:1 D:1)
[2016.08.17-00.19.51:471][  0]LogWindows:    1. 'Intel(R) HD Graphics 530' (P:0 D:0)
[2016.08.17-00.19.51:472][  0]LogWindows:    2. 'Intel(R) HD Graphics 530' (P:0 D:0)
[2016.08.17-00.19.51:472][  0]LogWindows: DebugString: PrimaryIsNotTheChoosenAdapter PrimaryIsNotTheChoosenAdapter PrimaryIsNotTheChoosenAdapter FoundDriverCount:0 
[2016.08.17-00.19.51:472][  0]LogD3D11RHI:     Adapter Name: NVIDIA GeForce GTX 960M
[2016.08.17-00.19.51:472][  0]LogD3D11RHI:   Driver Version: Unknown (internal:Unknown, unified:Unknown)
[2016.08.17-00.19.51:472][  0]LogD3D11RHI:      Driver Date: Unknown
[2016.08.17-00.19.51:472][  0]LogRHI: Texture pool is 1361 MB (70% of 1945 MB)
[2016.08.17-00.19.51:510][  0]LogD3D11RHI: Async texture creation enabled
[2016.08.17-00.19.51:530][  0]LogD3D11RHI: GPU Timing Frequency: 1000.000000 (Debug: 2 1)
[2016.08.17-00.19.51:532][  0]LogShaderCompilers: Guid format shader working directory is 4 characters bigger than the processId version (../../../../../UnrealProjects/MyProject/Intermediate/Shaders/WorkingDirectory/2172/).
[2016.08.17-00.19.51:532][  0]LogShaderCompilers: Cleaned the shader compiler working directory 'C:/Users/PC/AppData/Local/Temp/UnrealShaderWorkingDir/B3EB187A49FD880C0D3FA481E7B3CE3F/'.
[2016.08.17-00.19.51:532][  0]LogShaderCompilers:Display: Using Local Shader Compiler.
[2016.08.17-00.19.54:476][  0]LogTemp:Display: Loaded TP AllDesktopTargetPlatform
[2016.08.17-00.19.54:503][  0]LogTemp:Display: Loaded TP WindowsClientTargetPlatform
[2016.08.17-00.19.54:529][  0]LogTemp:Display: Loaded TP WindowsNoEditorTargetPlatform
[2016.08.17-00.19.54:556][  0]LogTemp:Display: Loaded TP WindowsServerTargetPlatform
[2016.08.17-00.19.54:581][  0]LogTemp:Display: Loaded TP WindowsTargetPlatform
[2016.08.17-00.19.54:605][  0]LogTemp:Display: Loaded TP AndroidTargetPlatform
[2016.08.17-00.19.54:627][  0]LogTemp:Display: Loaded TP Android_ASTCTargetPlatform
[2016.08.17-00.19.54:649][  0]LogTemp:Display: Loaded TP Android_ATCTargetPlatform
[2016.08.17-00.19.54:671][  0]LogTemp:Display: Loaded TP Android_DXTTargetPlatform
[2016.08.17-00.19.54:693][  0]LogTemp:Display: Loaded TP Android_ETC1TargetPlatform
[2016.08.17-00.19.54:715][  0]LogTemp:Display: Loaded TP Android_ETC2TargetPlatform
[2016.08.17-00.19.54:760][  0]LogTemp:Display: Loaded TP Android_MultiTargetPlatform
[2016.08.17-00.19.54:760][  0]LogTemp:Display: Loaded TP Android_PVRTCTargetPlatform
[2016.08.17-00.19.54:764][  0]LogTemp:Display: Loaded TP HTML5TargetPlatform
[2016.08.17-00.19.54:807][  0]LogTemp:Display: Loaded TP IOSTargetPlatform
[2016.08.17-00.19.54:828][  0]LogTemp:Display: Loaded TP TVOSTargetPlatform
[2016.08.17-00.19.54:850][  0]LogTemp:Display: Loaded TP LinuxClientTargetPlatform
[2016.08.17-00.19.54:874][  0]LogTemp:Display: Loaded TP LinuxNoEditorTargetPlatform
[2016.08.17-00.19.54:895][  0]LogTemp:Display: Loaded TP LinuxServerTargetPlatform
[2016.08.17-00.19.54:918][  0]LogTemp:Display: Loaded TP LinuxTargetPlatform
[2016.08.17-00.19.54:918][  0]LogTargetPlatformManager:Display: Building Assets For Windows
[2016.08.17-00.19.55:160][  0]LogDerivedDataCache:Display: Max Cache Size: 512 MB
[2016.08.17-00.19.55:332][  0]LogDerivedDataCache: Loaded boot cache 0.17s 64MB C:/Users/PC/AppData/Local/UnrealEngine/4.13/DerivedDataCache/Boot.ddc.
[2016.08.17-00.19.55:332][  0]LogDerivedDataCache:Display: Loaded Boot cache: C:/Users/PC/AppData/Local/UnrealEngine/4.13/DerivedDataCache/Boot.ddc
[2016.08.17-00.19.55:332][  0]LogDerivedDataCache: FDerivedDataBackendGraph:  Pak pak cache file ../../../../../UnrealProjects/MyProject/DerivedDataCache/DDC.ddp not found, will not use a pak cache.
[2016.08.17-00.19.55:332][  0]LogDerivedDataCache: Unable to find inner node Pak for hierarchical cache Hierarchy.
[2016.08.17-00.19.55:332][  0]LogDerivedDataCache: FDerivedDataBackendGraph:  CompressedPak pak cache file ../../../../../UnrealProjects/MyProject/DerivedDataCache/Compressed.ddp not found, will not use a pak cache.
[2016.08.17-00.19.55:332][  0]LogDerivedDataCache: Unable to find inner node CompressedPak for hierarchical cache Hierarchy.
[2016.08.17-00.19.55:387][  0]LogDerivedDataCache:Display: Pak cache opened for reading ../../../Engine/DerivedDataCache/Compressed.ddp.
[2016.08.17-00.19.55:408][  0]LogDerivedDataCache: Using Local data cache path C:/Users/PC/AppData/Local/UnrealEngine/Common/DerivedDataCache: Writable
[2016.08.17-00.19.56:039][  0]LogInit: Selected Device Profile: [Windows]
[2016.08.17-00.19.56:040][  0]LogContentStreaming: Texture pool size is 0.00 MB
[2016.08.17-00.19.56:154][  0]LogMaterial: Uniform references updated for custom material expression Custom.
[2016.08.17-00.19.56:544][  0]LogMeshUtilities: No automatic mesh reduction module available
[2016.08.17-00.19.56:544][  0]LogMeshUtilities: No automatic mesh merging module available
[2016.08.17-00.19.56:544][  0]LogMeshUtilities: No distributed automatic mesh merging module available
[2016.08.17-00.19.57:364][  0]LogNetVersion: GetLocalNetworkVersion: CL: 3072953, ProjectName: myproject, ProjectVersion: , EngineNetworkVersion: 1, GameNetworkVersion: 0, NetworkChecksum: 2234314750
[2016.08.17-00.19.57:447][  0]LogAssetRegistry: FAssetRegistry took 0.0228 seconds to start up
[2016.08.17-00.19.57:597][  0]LogPackageLocalizationCache: Processed 3 localized package path(s) for 2 prioritized culture(s) in 0.140459 seconds
[2016.08.17-00.19.57:615][  0]LogUObjectArray: 29486 objects as part of root set at end of initial load.
[2016.08.17-00.19.57:615][  0]LogUObjectAllocator: 6029104 out of 0 bytes used by permanent object pool.
[2016.08.17-00.19.57:615][  0]LogUObjectArray: CloseDisregardForGC: 0/0 objects in disregard for GC pool
[2016.08.17-00.19.57:632][  0]LogInit: WinSock: version 1.1 (2.2), MaxSocks=32767, MaxUdp=65467
[2016.08.17-00.19.58:244][  0]LogSlate: SlateFontCache - WITH_FREETYPE: 1, WITH_HARFBUZZ: 1
[2016.08.17-00.19.58:244][  0]LogSlate: SlateFontCache - WITH_FREETYPE: 1, WITH_HARFBUZZ: 1
[2016.08.17-00.20.01:143][  0]LogUdpMessaging: Initializing bridge on interface 0.0.0.0:0 to multicast group 230.0.0.1:6666.
[2016.08.17-00.20.01:938][  0]SourceControl: Info Source control is disabled
[2016.08.17-00.20.02:167][  0]SourceControl: Info Source control is disabled
[2016.08.17-00.20.02:202][  0]SourceControl: Info Source control is disabled
[2016.08.17-00.20.02:245][  0]SourceControl: Info Source control is disabled
[2016.08.17-00.20.03:438][  0]LogEngine: Initializing Engine...
[2016.08.17-00.20.03:577][  0]LogHMD: Failed to initialize OpenVR with code 126
[2016.08.17-00.20.04:139][  0]LogRenderer:Warning: Mismatch between bShouldGenerateLowQualityLightmaps(0) and r.SupportLowQualityLightmaps(1), UEngine::bShouldGenerateLowQualityLightmaps has been deprecated please use r.SupportLowQualityLightmaps instead
[2016.08.17-00.20.04:170][  0]LogAIModule: Creating AISystem for world Untitled
[2016.08.17-00.20.04:189][  0]LogInit: XAudio2 using 'Speakers (Conexant SmartAudio HD)' : 2 channels at 48 kHz using 32 bits per sample (channel mask 0x3)
[2016.08.17-00.20.04:314][  0]LogInit: FAudioDevice initialized.
[2016.08.17-00.20.04:405][  0]LogDerivedDataCache: Saved boot cache 0.09s 64MB C:/Users/PC/AppData/Local/UnrealEngine/4.13/DerivedDataCache/Boot.ddc.
[2016.08.17-00.20.04:428][  0]LogInit: Texture streaming: Enabled
[2016.08.17-00.20.04:522][  0]LogInit: Transaction tracking system initialized
[2016.08.17-00.20.04:589][  0]BlueprintLog: New page: Editor Load
[2016.08.17-00.20.04:820][  0]LocalizationService: Info Localization service is disabled
[2016.08.17-00.20.05:721][  0]LogConsoleResponse:Display: 
[2016.08.17-00.20.06:077][  0]LogCook:Display: Max memory allowance for cook 16384mb min free memory 0mb
[2016.08.17-00.20.06:077][  0]LogCook:Display: Mobile HDR setting 1
[2016.08.17-00.20.06:555][  0]LogFileCache: Scanning file cache for directory 'D:/UnrealProjects/MyProject/Content/' took 0.02s
[2016.08.17-00.20.06:555][  0]SourceControl: Info Source control is disabled
[2016.08.17-00.20.53:717][  0]LogWindowsTextInputMethodSystem:Display: IME system now deactivated.
[2016.08.17-00.20.53:748][  0]Cmd: MAP LOAD FILE="../../../../../UnrealProjects/MyProject/Content/VirtualRealityBP/Maps/MotionControllerMap.umap" TEMPLATE=0 SHOWPROGRESS=1 FEATURELEVEL=3
[2016.08.17-00.20.53:750][  0]LightingResults: New page: Lighting Build
[2016.08.17-00.20.53:758][  0]MapCheck: New page: Map Check
[2016.08.17-00.20.53:758][  0]LightingResults: New page: Lighting Build
[2016.08.17-00.20.55:720][  0]LogRenderer:Warning: Mismatch between bShouldGenerateLowQualityLightmaps(0) and r.SupportLowQualityLightmaps(1), UEngine::bShouldGenerateLowQualityLightmaps has been deprecated please use r.SupportLowQualityLightmaps instead
[2016.08.17-00.20.55:720][  0]LogAIModule: Creating AISystem for world MotionControllerMap
[2016.08.17-00.20.55:751][  0]LogEditorServer: Finished looking for orphan Actors (0.000 secs)
[2016.08.17-00.20.55:753][  0]Cmd: MAP CHECKDEP NOCLEARLOG
[2016.08.17-00.20.56:022][  0]MapCheck: Info Map check complete: 0 Error(s), 0 Warning(s), took 269.337ms to complete.
[2016.08.17-00.20.56:023][  0]LogFileHelpers: Loading map 'MotionControllerMap' took 2.276
[2016.08.17-00.20.56:202][  0]LogStats:Warning: MetaData mismatch. Did you assign a stat to two groups? New //STATGROUP_Threads//SplashScreenThread///Thread_4cac_0///####STATCAT_Advanced#### old //STATGROUP_Threads//SplashScreenThread///Thread_10e8_0///####STATCAT_Advanced####
[2016.08.17-00.20.56:202][  0]LogCollectionManager: Loaded 0 collections in 0.004541 seconds
[2016.08.17-00.20.56:258][  0]LogFileCache: Scanning file cache for directory 'D:/UnrealProjects/MyProject/Saved/Collections/' took 0.01s
[2016.08.17-00.20.56:258][  0]LogFileCache: Scanning file cache for directory 'D:/UnrealProjects/MyProject/Content/Developers/PC/Collections/' took 0.01s
[2016.08.17-00.20.56:258][  0]LogFileCache: Scanning file cache for directory 'D:/UnrealProjects/MyProject/Content/Collections/' took 0.01s
[2016.08.17-00.20.56:258][  0]LogCollectionManager: Rebuilt the GUID cache for 0 collections in 0.000007 seconds
[2016.08.17-00.20.56:284][  0]LogContentBrowser: Native class hierarchy populated in 0.0257 seconds. Added 2140 classes and 413 folders.
[2016.08.17-00.20.56:293][  0]LogStats: UGameplayTagsManager::ConstructGameplayTagTree: Construct from data asset -  0.000 s
[2016.08.17-00.20.56:293][  0]LogStats: UGameplayTagsManager::ConstructGameplayTagTree: GameplayTagTreeChangedEvent.Broadcast -  0.000 s
[2016.08.17-00.20.56:294][  0]LogContentBrowser: Native class hierarchy updated for 'GameplayTags' in 0.0015 seconds. Added 12 classes and 0 folders.
[2016.08.17-00.20.56:306][  0]LogContentBrowser: Native class hierarchy updated for 'WidgetCarousel' in 0.0013 seconds. Added 0 classes and 0 folders.
[2016.08.17-00.20.56:376][  0]LogFeaturePack:Warning: Error in Feature pack D:/Epic Games/4.13/FeaturePacks/TP_VirtualRealityBP.upack. Failed to parse manifest: Comma token expected, but not found. Line: 31 Ch: 13
[2016.08.17-00.20.56:484][  0]LogContentBrowser: Native class hierarchy updated for 'AddContentDialog' in 0.0014 seconds. Added 0 classes and 0 folders.
[2016.08.17-00.20.56:496][  0]LogContentBrowser: Native class hierarchy updated for 'SceneOutliner' in 0.0014 seconds. Added 1 classes and 2 folders.
[2016.08.17-00.20.56:662][  0]LogCrashTracker: Crashtracker disabled due to settings.
[2016.08.17-00.20.56:674][  0]LogUObjectGlobals:Warning: Failed to find object 'Class None.'
[2016.08.17-00.20.56:710][  0]LogContentBrowser: Native class hierarchy updated for 'HierarchicalLODOutliner' in 0.0014 seconds. Added 1 classes and 2 folders.
[2016.08.17-00.20.56:711][  0]LogLoad: (Engine Initialization) Total time: 71.43 seconds
[2016.08.17-00.20.56:711][  0]LogLoad: (Engine Initialization) Total Blueprint compile time: 0.54 seconds
[2016.08.17-00.20.56:711][  0]LogExternalProfiler: Found external profiler: VSPerf
[2016.08.17-00.20.56:711][  0]LogExternalProfiler: Using external profiler: VSPerf
[2016.08.17-00.20.56:729][  0]LogWindowsTextInputMethodSystem:Display: IME system now deactivated.
[2016.08.17-00.20.56:730][  0]LogOcInput: OculusInput pre-init called
[2016.08.17-00.20.56:771][  0]LogContentStreaming: Texture pool size now 800 MB
[2016.08.17-00.20.57:199][  2]LogRenderer: Reallocating scene render targets to support 828x388 (Frame:2).
[2016.08.17-00.20.57:620][  4]LogAssetRegistry: Asset discovery search completed in 60.1955 seconds
[2016.08.17-00.20.57:620][  4]LogCollectionManager: Rebuilt the object cache for 0 collections in 0.000001 seconds (found 0 objects)
[2016.08.17-00.20.57:620][  4]LogCollectionManager: Fixed up redirectors for 0 collections in 0.000068 seconds (updated 0 objects)
[2016.08.17-00.21.48:192][488]LogRenderer:Warning: Mismatch between bShouldGenerateLowQualityLightmaps(0) and r.SupportLowQualityLightmaps(1), UEngine::bShouldGenerateLowQualityLightmaps has been deprecated please use r.SupportLowQualityLightmaps instead
[2016.08.17-00.21.48:192][488]LogAIModule: Creating AISystem for world BoardMap
[2016.08.17-00.21.48:194][488]LogMaterial:Warning: Material /Game/Geometry/Meshes/CubeMaterial.CubeMaterial needed to have new flag set bUsedWithInstancedStaticMeshes !
[2016.08.17-00.21.48:203][488]LogMaterial: Missing cached shader map for material CubeMaterial, compiling. 
[2016.08.17-00.21.48:383][488]MapCheck:Warning: Warning CubeMaterial Material /Game/Geometry/Meshes/CubeMaterial.CubeMaterial was missing the usage flag bUsedWithInstancedStaticMeshes. If the material asset is not re-saved, it may not render correctly when run outside the editor. Fix
[2016.08.17-00.21.48:401][488]LogMaterial: 0.00 seconds spent updating 1 materials, 1 interfaces, 0 instances, 0 with static permutations.
[2016.08.17-00.21.48:672][488]Cmd: MAP LOAD FILE="../../../../../UnrealProjects/MyProject/Content/CardFightMasters/BoardMap.umap" TEMPLATE=0 SHOWPROGRESS=1 FEATURELEVEL=3
[2016.08.17-00.21.48:672][488]LightingResults: New page: Lighting Build
[2016.08.17-00.21.48:674][488]LoadErrors: New page: Loading map: BoardMap.umap
[2016.08.17-00.21.48:677][488]MapCheck: New page: Map Check
[2016.08.17-00.21.48:677][488]LightingResults: New page: Lighting Build
[2016.08.17-00.21.49:052][488]LogEditorServer: Finished looking for orphan Actors (0.000 secs)
[2016.08.17-00.21.49:151][488]Cmd: MAP CHECKDEP NOCLEARLOG
[2016.08.17-00.21.49:540][488]MapCheck: Info Map check complete: 0 Error(s), 0 Warning(s), took 387.488ms to complete.
[2016.08.17-00.21.49:550][488]LogFileHelpers: Loading map 'BoardMap' took 0.881
[2016.08.17-00.22.31:070][523]LogRenderer:Warning: Mismatch between bShouldGenerateLowQualityLightmaps(0) and r.SupportLowQualityLightmaps(1), UEngine::bShouldGenerateLowQualityLightmaps has been deprecated please use r.SupportLowQualityLightmaps instead
[2016.08.17-00.22.31:162][524]LogRenderer:Warning: Mismatch between bShouldGenerateLowQualityLightmaps(0) and r.SupportLowQualityLightmaps(1), UEngine::bShouldGenerateLowQualityLightmaps has been deprecated please use r.SupportLowQualityLightmaps instead
[2016.08.17-00.22.31:167][524]LogRenderer:Warning: Mismatch between bShouldGenerateLowQualityLightmaps(0) and r.SupportLowQualityLightmaps(1), UEngine::bShouldGenerateLowQualityLightmaps has been deprecated please use r.SupportLowQualityLightmaps instead
[2016.08.17-00.22.32:086][542]LogRenderer:Warning: Mismatch between bShouldGenerateLowQualityLightmaps(0) and r.SupportLowQualityLightmaps(1), UEngine::bShouldGenerateLowQualityLightmaps has been deprecated please use r.SupportLowQualityLightmaps instead
[2016.08.17-00.22.33:337][542]LogContentBrowser: Native class hierarchy updated for 'BlueprintGraph' in 0.0026 seconds. Added 112 classes and 0 folders.
[2016.08.17-00.23.03:452][170]LogStats: FPlatformStackWalk::StackWalkAndDump -  2.714 s
[2016.08.17-00.23.03:452][170]LogOutputDevice:Error: === Handled ensure: ===
[2016.08.17-00.23.03:452][170]LogOutputDevice:Error: 
[2016.08.17-00.23.03:452][170]LogOutputDevice:Error: Ensure condition failed: GIsTransacting || Pin->LinkedTo.Contains(ReferencingPin) [File:D:\Build\++UE4+Release-4.13+Compile\Sync\Engine\Source\Runtime\Engine\Private\EdGraph\EdGraphPin.cpp] [Line: 1351]
[2016.08.17-00.23.03:452][170]LogOutputDevice:Error: 
[2016.08.17-00.23.03:452][170]LogOutputDevice:Error: Stack: 
[2016.08.17-00.23.03:452][170]LogOutputDevice:Error: UE4Editor-Core.dll!FWindowsPlatformStackWalk::StackWalkAndDump() [d:\build\++ue4+release-4.13+compile\sync\engine\source\runtime\core\private\windows\windowsplatformstackwalk.cpp:183]
[2016.08.17-00.23.03:452][170]LogOutputDevice:Error: UE4Editor-Core.dll!FDebug::EnsureFailed() [d:\build\++ue4+release-4.13+compile\sync\engine\source\runtime\core\private\misc\outputdevice.cpp:297]
[2016.08.17-00.23.03:452][170]LogOutputDevice:Error: UE4Editor-Core.dll!FDebug::OptionallyLogFormattedEnsureMessageReturningFalse() [d:\build\++ue4+release-4.13+compile\sync\engine\source\runtime\core\private\misc\outputdevice.cpp:432]
[2016.08.17-00.23.03:452][170]LogOutputDevice:Error: UE4Editor-Engine.dll!UEdGraphPin::ResolveReferencesToPin() [d:\build\++ue4+release-4.13+compile\sync\engine\source\runtime\engine\private\edgraph\edgraphpin.cpp:1351]
[2016.08.17-00.23.03:452][170]LogOutputDevice:Error: UE4Editor-Engine.dll!UEdGraphPin::ImportTextItem() [d:\build\++ue4+release-4.13+compile\sync\engine\source\runtime\engine\private\edgraph\edgraphpin.cpp:958]
[2016.08.17-00.23.03:452][170]LogOutputDevice:Error: UE4Editor-Engine.dll!UEdGraphNode::ImportCustomProperties() [d:\build\++ue4+release-4.13+compile\sync\engine\source\runtime\engine\private\edgraph\edgraphnode.cpp:407]
[2016.08.17-00.23.03:452][170]LogOutputDevice:Error: UE4Editor-UnrealEd.dll!ImportProperties() [d:\build\++ue4+release-4.13+compile\sync\engine\source\editor\unrealed\private\editorobject.cpp:598]
[2016.08.17-00.23.03:452][170]LogOutputDevice:Error: UE4Editor-UnrealEd.dll!ImportObjectProperties() [d:\build\++ue4+release-4.13+compile\sync\engine\source\editor\unrealed\private\editorobject.cpp:698]
[2016.08.17-00.23.03:452][170]LogOutputDevice:Error: UE4Editor-UnrealEd.dll!ImportObjectProperties() [d:\build\++ue4+release-4.13+compile\sync\engine\source\editor\unrealed\private\editorobject.cpp:806]
[2016.08.17-00.23.03:452][170]LogOutputDevice:Error: UE4Editor-UnrealEd.dll!FCustomizableTextObjectFactory::ProcessBuffer() [d:\build\++ue4+release-4.13+compile\sync\engine\source\editor\unrealed\private\factories\editorfactories.cpp:5340]
[2016.08.17-00.23.03:452][170]LogOutputDevice:Error: UE4Editor-UnrealEd.dll!FEdGraphUtilities::ImportNodesFromText() [d:\build\++ue4+release-4.13+compile\sync\engine\source\editor\unrealed\private\edgraphutilities.cpp:365]
[2016.08.17-00.23.03:452][170]LogOutputDevice:Error: UE4Editor-Kismet.dll!FBlueprintEditor::PasteNodesHere() [d:\build\++ue4+release-4.13+compile\sync\engine\source\editor\kismet\private\blueprinteditor.cpp:5784]
[2016.08.17-00.23.03:452][170]LogOutputDevice:Error: UE4Editor-Kismet.dll!FBlueprintEditor::PasteNodes() [d:\build\++ue4+release-4.13+compile\sync\engine\source\editor\kismet\private\blueprinteditor.cpp:5557]
[2016.08.17-00.23.03:452][170]LogOutputDevice:Error: UE4Editor-Kismet.dll!TBaseSPMethodDelegateInstance<0,FBlueprintEditor,0,TTypeWrapper<void> __cdecl(void)>::Execute() [d:\build\++ue4+release-4.13+compile\sync\engine\source\runtime\core\public\delegates\delegateinstancesimpl.h:317]
[2016.08.17-00.23.03:452][170]LogOutputDevice:Error: UE4Editor-Kismet.dll!TBaseSPMethodDelegateInstance<0,FBlueprintEditor,0,void __cdecl(void)>::ExecuteIfSafe() [d:\build\++ue4+release-4.13+compile\sync\engine\source\runtime\core\public\delegates\delegateinstancesimpl.h:423]
[2016.08.17-00.23.03:452][170]LogOutputDevice:Error: UE4Editor-Slate.dll!FUICommandList::ConditionalProcessCommandBindings() [d:\build\++ue4+release-4.13+compile\sync\engine\source\runtime\slate\private\framework\commands\uicommandlist.cpp:211]
[2016.08.17-00.23.03:452][170]LogOutputDevice:Error: UE4Editor-Slate.dll!FUICommandList::ProcessCommandBindings() [d:\build\++ue4+release-4.13+compile\sync\engine\source\runtime\slate\private\framework\commands\uicommandlist.cpp:155]
[2016.08.17-00.23.03:452][170]LogOutputDevice:Error: UE4Editor-GraphEditor.dll!SGraphEditorImpl::OnKeyDown() [d:\build\++ue4+release-4.13+compile\sync\engine\source\editor\grapheditor\private\sgrapheditorimpl.cpp:66]
[2016.08.17-00.23.03:452][170]LogOutputDevice:Error: UE4Editor-Slate.dll!<lambda_2afcd964c763e269e2d1a63f3a72f846>::operator()() [d:\build\++ue4+release-4.13+compile\sync\engine\source\runtime\slate\private\framework\application\slateapplication.cpp:4507]
[2016.08.17-00.23.03:452][170]LogOutputDevice:Error: UE4Editor-Slate.dll!FEventRouter::Route<FReply,FEventRouter::FBubblePolicy,FKeyEvent,<lambda_2afcd964c763e269e2d1a63f3a72f846> >() [d:\build\++ue4+release-4.13+compile\sync\engine\source\runtime\slate\private\framework\application\slateapplication.cpp:215]
[2016.08.17-00.23.03:452][170]LogOutputDevice:Error: UE4Editor-Slate.dll!FEventRouter::RouteAlongFocusPath<FEventRouter::FBubblePolicy,<lambda_2afcd964c763e269e2d1a63f3a72f846>,FKeyEvent>() [d:\build\++ue4+release-4.13+compile\sync\engine\source\runtime\slate\private\framework\application\slateapplication.cpp:197]
[2016.08.17-00.23.03:453][170]LogOutputDevice:Error: UE4Editor-Slate.dll!FSlateApplication::ProcessKeyDownEvent() [d:\build\++ue4+release-4.13+compile\sync\engine\source\runtime\slate\private\framework\application\slateapplication.cpp:4505]
[2016.08.17-00.23.03:453][170]LogOutputDevice:Error: UE4Editor-Slate.dll!FSlateApplication::OnKeyDown() [d:\build\++ue4+release-4.13+compile\sync\engine\source\runtime\slate\private\framework\application\slateapplication.cpp:4420]
[2016.08.17-00.23.03:453][170]LogOutputDevice:Error: UE4Editor-Core.dll!FWindowsApplication::ProcessDeferredMessage() [d:\build\++ue4+release-4.13+compile\sync\engine\source\runtime\core\private\windows\windowsapplication.cpp:1419]
[2016.08.17-00.23.03:453][170]LogOutputDevice:Error: UE4Editor-Core.dll!FWindowsApplication::DeferMessage() [d:\build\++ue4+release-4.13+compile\sync\engine\source\runtime\core\private\windows\windowsapplication.cpp:1930]
[2016.08.17-00.23.03:453][170]LogOutputDevice:Error: UE4Editor-Core.dll!FWindowsApplication::ProcessMessage() [d:\build\++ue4+release-4.13+compile\sync\engine\source\runtime\core\private\windows\windowsapplication.cpp:747]
[2016.08.17-00.23.03:453][170]LogOutputDevice:Error: UE4Editor-Core.dll!FWindowsApplication::AppWndProc() [d:\build\++ue4+release-4.13+compile\sync\engine\source\runtime\core\private\windows\windowsapplication.cpp:669]
[2016.08.17-00.23.03:453][170]LogOutputDevice:Error: USER32.dll
[2016.08.17-00.23.03:453][170]LogOutputDevice:Error: USER32.dll
[2016.08.17-00.23.03:453][170]LogOutputDevice:Error: UE4Editor-Core.dll!FWindowsPlatformMisc::PumpMessages() [d:\build\++ue4+release-4.13+compile\sync\engine\source\runtime\core\private\windows\windowsplatformmisc.cpp:905]
[2016.08.17-00.23.03:453][170]LogOutputDevice:Error: UE4Editor.exe!FEngineLoop::Tick() [d:\build\++ue4+release-4.13+compile\sync\engine\source\runtime\launch\private\launchengineloop.cpp:2788]
[2016.08.17-00.23.03:453][170]LogOutputDevice:Error: UE4Editor.exe!GuardedMain() [d:\build\++ue4+release-4.13+compile\sync\engine\source\runtime\launch\private\launch.cpp:156]
[2016.08.17-00.23.03:453][170]LogOutputDevice:Error: UE4Editor.exe!GuardedMainWrapper() [d:\build\++ue4+release-4.13+compile\sync\engine\source\runtime\launch\private\windows\launchwindows.cpp:126]
[2016.08.17-00.23.03:453][170]LogOutputDevice:Error: UE4Editor.exe!WinMain() [d:\build\++ue4+release-4.13+compile\sync\engine\source\runtime\launch\private\windows\launchwindows.cpp:202]
[2016.08.17-00.23.03:453][170]LogOutputDevice:Error: UE4Editor.exe!__scrt_common_main_seh() [f:\dd\vctools\crt\vcstartup\src\startup\exe_common.inl:264]
[2016.08.17-00.23.03:453][170]LogOutputDevice:Error: KERNEL32.DLL
[2016.08.17-00.23.03:453][170]LogOutputDevice:Error: ntdll.dll
[2016.08.17-00.23.03:453][170]LogOutputDevice:Error: ntdll.dll
[2016.08.17-00.23.03:453][170]LogOutputDevice:Error: 
[2016.08.17-00.23.03:453][170]LogStats:                SubmitErrorReport -  0.000 s
[2016.08.17-00.23.04:570][170]LogStats:                    SendNewReport -  1.117 s
[2016.08.17-00.23.04:570][170]LogStats:             FDebug::EnsureFailed -  3.833 s
[2016.08.17-00.23.04:744][170]LogStats: FPlatformStackWalk::StackWalkAndDump -  0.172 s
[2016.08.17-00.23.04:744][170]LogOutputDevice:Error: === Handled ensure: ===
[2016.08.17-00.23.04:744][170]LogOutputDevice:Error: 
[2016.08.17-00.23.04:744][170]LogOutputDevice:Error: Ensure condition failed: GIsTransacting || Pin->LinkedTo.Contains(ReferencingPin) [File:D:\Build\++UE4+Release-4.13+Compile\Sync\Engine\Source\Runtime\Engine\Private\EdGraph\EdGraphPin.cpp] [Line: 1351]
[2016.08.17-00.23.04:744][170]LogOutputDevice:Error: 
[2016.08.17-00.23.04:745][170]LogOutputDevice:Error: Stack: 
[2016.08.17-00.23.04:745][170]LogOutputDevice:Error: UE4Editor-Core.dll!FWindowsPlatformStackWalk::StackWalkAndDump() [d:\build\++ue4+release-4.13+compile\sync\engine\source\runtime\core\private\windows\windowsplatformstackwalk.cpp:183]
[2016.08.17-00.23.04:745][170]LogOutputDevice:Error: UE4Editor-Core.dll!FDebug::EnsureFailed() [d:\build\++ue4+release-4.13+compile\sync\engine\source\runtime\core\private\misc\outputdevice.cpp:297]
[2016.08.17-00.23.04:745][170]LogOutputDevice:Error: UE4Editor-Core.dll!FDebug::OptionallyLogFormattedEnsureMessageReturningFalse() [d:\build\++ue4+release-4.13+compile\sync\engine\source\runtime\core\private\misc\outputdevice.cpp:432]
[2016.08.17-00.23.04:745][170]LogOutputDevice:Error: UE4Editor-Engine.dll!UEdGraphPin::ResolveReferencesToPin() [d:\build\++ue4+release-4.13+compile\sync\engine\source\runtime\engine\private\edgraph\edgraphpin.cpp:1351]
[2016.08.17-00.23.04:745][170]LogOutputDevice:Error: UE4Editor-Engine.dll!UEdGraphPin::ImportTextItem() [d:\build\++ue4+release-4.13+compile\sync\engine\source\runtime\engine\private\edgraph\edgraphpin.cpp:958]
[2016.08.17-00.23.04:745][170]LogOutputDevice:Error: UE4Editor-Engine.dll!UEdGraphNode::ImportCustomProperties() [d:\build\++ue4+release-4.13+compile\sync\engine\source\runtime\engine\private\edgraph\edgraphnode.cpp:407]
[2016.08.17-00.23.04:745][170]LogOutputDevice:Error: UE4Editor-BlueprintGraph.dll!UK2Node_EditablePinBase::ImportCustomProperties() [d:\build\++ue4+release-4.13+compile\sync\engine\source\editor\blueprintgraph\private\k2node_editablepinbase.cpp:180]
[2016.08.17-00.23.04:745][170]LogOutputDevice:Error: UE4Editor-UnrealEd.dll!ImportProperties() [d:\build\++ue4+release-4.13+compile\sync\engine\source\editor\unrealed\private\editorobject.cpp:598]
[2016.08.17-00.23.04:745][170]LogOutputDevice:Error: UE4Editor-UnrealEd.dll!ImportObjectProperties() [d:\build\++ue4+release-4.13+compile\sync\engine\source\editor\unrealed\private\editorobject.cpp:698]
[2016.08.17-00.23.04:745][170]LogOutputDevice:Error: UE4Editor-UnrealEd.dll!ImportObjectProperties() [d:\build\++ue4+release-4.13+compile\sync\engine\source\editor\unrealed\private\editorobject.cpp:806]
[2016.08.17-00.23.04:745][170]LogOutputDevice:Error: UE4Editor-UnrealEd.dll!FCustomizableTextObjectFactory::ProcessBuffer() [d:\build\++ue4+release-4.13+compile\sync\engine\source\editor\unrealed\private\factories\editorfactories.cpp:5340]
[2016.08.17-00.23.04:745][170]LogOutputDevice:Error: UE4Editor-UnrealEd.dll!FEdGraphUtilities::ImportNodesFromText() [d:\build\++ue4+release-4.13+compile\sync\engine\source\editor\unrealed\private\edgraphutilities.cpp:365]
[2016.08.17-00.23.04:745][170]LogOutputDevice:Error: UE4Editor-Kismet.dll!FBlueprintEditor::PasteNodesHere() [d:\build\++ue4+release-4.13+compile\sync\engine\source\editor\kismet\private\blueprinteditor.cpp:5784]
[2016.08.17-00.23.04:745][170]LogOutputDevice:Error: UE4Editor-Kismet.dll!FBlueprintEditor::PasteNodes() [d:\build\++ue4+release-4.13+compile\sync\engine\source\editor\kismet\private\blueprinteditor.cpp:5557]
[2016.08.17-00.23.04:745][170]LogOutputDevice:Error: UE4Editor-Kismet.dll!TBaseSPMethodDelegateInstance<0,FBlueprintEditor,0,TTypeWrapper<void> __cdecl(void)>::Execute() [d:\build\++ue4+release-4.13+compile\sync\engine\source\runtime\core\public\delegates\delegateinstancesimpl.h:317]
[2016.08.17-00.23.04:745][170]LogOutputDevice:Error: UE4Editor-Kismet.dll!TBaseSPMethodDelegateInstance<0,FBlueprintEditor,0,void __cdecl(void)>::ExecuteIfSafe() [d:\build\++ue4+release-4.13+compile\sync\engine\source\runtime\core\public\delegates\delegateinstancesimpl.h:423]
[2016.08.17-00.23.04:745][170]LogOutputDevice:Error: UE4Editor-Slate.dll!FUICommandList::ConditionalProcessCommandBindings() [d:\build\++ue4+release-4.13+compile\sync\engine\source\runtime\slate\private\framework\commands\uicommandlist.cpp:211]
[2016.08.17-00.23.04:745][170]LogOutputDevice:Error: UE4Editor-Slate.dll!FUICommandList::ProcessCommandBindings() [d:\build\++ue4+release-4.13+compile\sync\engine\source\runtime\slate\private\framework\commands\uicommandlist.cpp:155]
[2016.08.17-00.23.04:745][170]LogOutputDevice:Error: UE4Editor-GraphEditor.dll!SGraphEditorImpl::OnKeyDown() [d:\build\++ue4+release-4.13+compile\sync\engine\source\editor\grapheditor\private\sgrapheditorimpl.cpp:66]
[2016.08.17-00.23.04:745][170]LogOutputDevice:Error: UE4Editor-Slate.dll!<lambda_2afcd964c763e269e2d1a63f3a72f846>::operator()() [d:\build\++ue4+release-4.13+compile\sync\engine\source\runtime\slate\private\framework\application\slateapplication.cpp:4507]
[2016.08.17-00.23.04:745][170]LogOutputDevice:Error: UE4Editor-Slate.dll!FEventRouter::Route<FReply,FEventRouter::FBubblePolicy,FKeyEvent,<lambda_2afcd964c763e269e2d1a63f3a72f846> >() [d:\build\++ue4+release-4.13+compile\sync\engine\source\runtime\slate\private\framework\application\slateapplication.cpp:215]
[2016.08.17-00.23.04:745][170]LogOutputDevice:Error: UE4Editor-Slate.dll!FEventRouter::RouteAlongFocusPath<FEventRouter::FBubblePolicy,<lambda_2afcd964c763e269e2d1a63f3a72f846>,FKeyEvent>() [d:\build\++ue4+release-4.13+compile\sync\engine\source\runtime\slate\private\framework\application\slateapplication.cpp:197]
[2016.08.17-00.23.04:745][170]LogOutputDevice:Error: UE4Editor-Slate.dll!FSlateApplication::ProcessKeyDownEvent() [d:\build\++ue4+release-4.13+compile\sync\engine\source\runtime\slate\private\framework\application\slateapplication.cpp:4505]
[2016.08.17-00.23.04:745][170]LogOutputDevice:Error: UE4Editor-Slate.dll!FSlateApplication::OnKeyDown() [d:\build\++ue4+release-4.13+compile\sync\engine\source\runtime\slate\private\framework\application\slateapplication.cpp:4420]
[2016.08.17-00.23.04:745][170]LogOutputDevice:Error: UE4Editor-Core.dll!FWindowsApplication::ProcessDeferredMessage() [d:\build\++ue4+release-4.13+compile\sync\engine\source\runtime\core\private\windows\windowsapplication.cpp:1419]
[2016.08.17-00.23.04:745][170]LogOutputDevice:Error: UE4Editor-Core.dll!FWindowsApplication::DeferMessage() [d:\build\++ue4+release-4.13+compile\sync\engine\source\runtime\core\private\windows\windowsapplication.cpp:1930]
[2016.08.17-00.23.04:745][170]LogOutputDevice:Error: UE4Editor-Core.dll!FWindowsApplication::ProcessMessage() [d:\build\++ue4+release-4.13+compile\sync\engine\source\runtime\core\private\windows\windowsapplication.cpp:747]
[2016.08.17-00.23.04:745][170]LogOutputDevice:Error: UE4Editor-Core.dll!FWindowsApplication::AppWndProc() [d:\build\++ue4+release-4.13+compile\sync\engine\source\runtime\core\private\windows\windowsapplication.cpp:669]
[2016.08.17-00.23.04:745][170]LogOutputDevice:Error: USER32.dll
[2016.08.17-00.23.04:745][170]LogOutputDevice:Error: USER32.dll
[2016.08.17-00.23.04:745][170]LogOutputDevice:Error: UE4Editor-Core.dll!FWindowsPlatformMisc::PumpMessages() [d:\build\++ue4+release-4.13+compile\sync\engine\source\runtime\core\private\windows\windowsplatformmisc.cpp:905]
[2016.08.17-00.23.04:745][170]LogOutputDevice:Error: UE4Editor.exe!FEngineLoop::Tick() [d:\build\++ue4+release-4.13+compile\sync\engine\source\runtime\launch\private\launchengineloop.cpp:2788]
[2016.08.17-00.23.04:745][170]LogOutputDevice:Error: UE4Editor.exe!GuardedMain() [d:\build\++ue4+release-4.13+compile\sync\engine\source\runtime\launch\private\launch.cpp:156]
[2016.08.17-00.23.04:745][170]LogOutputDevice:Error: UE4Editor.exe!GuardedMainWrapper() [d:\build\++ue4+release-4.13+compile\sync\engine\source\runtime\launch\private\windows\launchwindows.cpp:126]
[2016.08.17-00.23.04:745][170]LogOutputDevice:Error: UE4Editor.exe!WinMain() [d:\build\++ue4+release-4.13+compile\sync\engine\source\runtime\launch\private\windows\launchwindows.cpp:202]
[2016.08.17-00.23.04:745][170]LogOutputDevice:Error: UE4Editor.exe!__scrt_common_main_seh() [f:\dd\vctools\crt\vcstartup\src\startup\exe_common.inl:264]
[2016.08.17-00.23.04:745][170]LogOutputDevice:Error: KERNEL32.DLL
[2016.08.17-00.23.04:745][170]LogOutputDevice:Error: ntdll.dll
[2016.08.17-00.23.04:745][170]LogOutputDevice:Error: ntdll.dll
[2016.08.17-00.23.04:746][170]LogOutputDevice:Error: 
[2016.08.17-00.23.04:746][170]LogStats:                SubmitErrorReport -  0.000 s
[2016.08.17-00.23.05:962][170]LogStats:                    SendNewReport -  1.216 s
[2016.08.17-00.23.05:962][170]LogStats:             FDebug::EnsureFailed -  1.390 s
[2016.08.17-00.23.06:019][170]LogStats: FPlatformStackWalk::StackWalkAndDump -  0.051 s
[2016.08.17-00.23.06:019][170]LogOutputDevice:Error: === Handled ensure: ===
[2016.08.17-00.23.06:019][170]LogOutputDevice:Error: 
[2016.08.17-00.23.06:019][170]LogOutputDevice:Error: Ensure condition failed: GIsTransacting || Pin->LinkedTo.Contains(ReferencingPin) [File:D:\Build\++UE4+Release-4.13+Compile\Sync\Engine\Source\Runtime\Engine\Private\EdGraph\EdGraphPin.cpp] [Line: 1351]
[2016.08.17-00.23.06:019][170]LogOutputDevice:Error: 
[2016.08.17-00.23.06:019][170]LogOutputDevice:Error: Stack: 
[2016.08.17-00.23.06:019][170]LogOutputDevice:Error: UE4Editor-Core.dll!FWindowsPlatformStackWalk::StackWalkAndDump() [d:\build\++ue4+release-4.13+compile\sync\engine\source\runtime\core\private\windows\windowsplatformstackwalk.cpp:183]
[2016.08.17-00.23.06:019][170]LogOutputDevice:Error: UE4Editor-Core.dll!FDebug::EnsureFailed() [d:\build\++ue4+release-4.13+compile\sync\engine\source\runtime\core\private\misc\outputdevice.cpp:297]
[2016.08.17-00.23.06:020][170]LogOutputDevice:Error: UE4Editor-Core.dll!FDebug::OptionallyLogFormattedEnsureMessageReturningFalse() [d:\build\++ue4+release-4.13+compile\sync\engine\source\runtime\core\private\misc\outputdevice.cpp:432]
[2016.08.17-00.23.06:020][170]LogOutputDevice:Error: UE4Editor-Engine.dll!UEdGraphPin::ResolveReferencesToPin() [d:\build\++ue4+release-4.13+compile\sync\engine\source\runtime\engine\private\edgraph\edgraphpin.cpp:1351]
[2016.08.17-00.23.06:020][170]LogOutputDevice:Error: UE4Editor-Engine.dll!UEdGraphPin::ImportTextItem() [d:\build\++ue4+release-4.13+compile\sync\engine\source\runtime\engine\private\edgraph\edgraphpin.cpp:958]
[2016.08.17-00.23.06:020][170]LogOutputDevice:Error: UE4Editor-Engine.dll!UEdGraphNode::ImportCustomProperties() [d:\build\++ue4+release-4.13+compile\sync\engine\source\runtime\engine\private\edgraph\edgraphnode.cpp:407]
[2016.08.17-00.23.06:020][170]LogOutputDevice:Error: UE4Editor-BlueprintGraph.dll!UK2Node_EditablePinBase::ImportCustomProperties() [d:\build\++ue4+release-4.13+compile\sync\engine\source\editor\blueprintgraph\private\k2node_editablepinbase.cpp:180]
[2016.08.17-00.23.06:020][170]LogOutputDevice:Error: UE4Editor-UnrealEd.dll!ImportProperties() [d:\build\++ue4+release-4.13+compile\sync\engine\source\editor\unrealed\private\editorobject.cpp:598]
[2016.08.17-00.23.06:020][170]LogOutputDevice:Error: UE4Editor-UnrealEd.dll!ImportObjectProperties() [d:\build\++ue4+release-4.13+compile\sync\engine\source\editor\unrealed\private\editorobject.cpp:698]
[2016.08.17-00.23.06:020][170]LogOutputDevice:Error: UE4Editor-UnrealEd.dll!ImportObjectProperties() [d:\build\++ue4+release-4.13+compile\sync\engine\source\editor\unrealed\private\editorobject.cpp:806]
[2016.08.17-00.23.06:020][170]LogOutputDevice:Error: UE4Editor-UnrealEd.dll!FCustomizableTextObjectFactory::ProcessBuffer() [d:\build\++ue4+release-4.13+compile\sync\engine\source\editor\unrealed\private\factories\editorfactories.cpp:5340]
[2016.08.17-00.23.06:020][170]LogOutputDevice:Error: UE4Editor-UnrealEd.dll!FEdGraphUtilities::ImportNodesFromText() [d:\build\++ue4+release-4.13+compile\sync\engine\source\editor\unrealed\private\edgraphutilities.cpp:365]
[2016.08.17-00.23.06:020][170]LogOutputDevice:Error: UE4Editor-Kismet.dll!FBlueprintEditor::PasteNodesHere() [d:\build\++ue4+release-4.13+compile\sync\engine\source\editor\kismet\private\blueprinteditor.cpp:5784]
[2016.08.17-00.23.06:020][170]LogOutputDevice:Error: UE4Editor-Kismet.dll!FBlueprintEditor::PasteNodes() [d:\build\++ue4+release-4.13+compile\sync\engine\source\editor\kismet\private\blueprinteditor.cpp:5557]
[2016.08.17-00.23.06:020][170]LogOutputDevice:Error: UE4Editor-Kismet.dll!TBaseSPMethodDelegateInstance<0,FBlueprintEditor,0,TTypeWrapper<void> __cdecl(void)>::Execute() [d:\build\++ue4+release-4.13+compile\sync\engine\source\runtime\core\public\delegates\delegateinstancesimpl.h:317]
[2016.08.17-00.23.06:020][170]LogOutputDevice:Error: UE4Editor-Kismet.dll!TBaseSPMethodDelegateInstance<0,FBlueprintEditor,0,void __cdecl(void)>::ExecuteIfSafe() [d:\build\++ue4+release-4.13+compile\sync\engine\source\runtime\core\public\delegates\delegateinstancesimpl.h:423]
[2016.08.17-00.23.06:020][170]LogOutputDevice:Error: UE4Editor-Slate.dll!FUICommandList::ConditionalProcessCommandBindings() [d:\build\++ue4+release-4.13+compile\sync\engine\source\runtime\slate\private\framework\commands\uicommandlist.cpp:211]
[2016.08.17-00.23.06:020][170]LogOutputDevice:Error: UE4Editor-Slate.dll!FUICommandList::ProcessCommandBindings() [d:\build\++ue4+release-4.13+compile\sync\engine\source\runtime\slate\private\framework\commands\uicommandlist.cpp:155]
[2016.08.17-00.23.06:020][170]LogOutputDevice:Error: UE4Editor-GraphEditor.dll!SGraphEditorImpl::OnKeyDown() [d:\build\++ue4+release-4.13+compile\sync\engine\source\editor\grapheditor\private\sgrapheditorimpl.cpp:66]
[2016.08.17-00.23.06:020][170]LogOutputDevice:Error: UE4Editor-Slate.dll!<lambda_2afcd964c763e269e2d1a63f3a72f846>::operator()() [d:\build\++ue4+release-4.13+compile\sync\engine\source\runtime\slate\private\framework\application\slateapplication.cpp:4507]
[2016.08.17-00.23.06:020][170]LogOutputDevice:Error: UE4Editor-Slate.dll!FEventRouter::Route<FReply,FEventRouter::FBubblePolicy,FKeyEvent,<lambda_2afcd964c763e269e2d1a63f3a72f846> >() [d:\build\++ue4+release-4.13+compile\sync\engine\source\runtime\slate\private\framework\application\slateapplication.cpp:215]
[2016.08.17-00.23.06:020][170]LogOutputDevice:Error: UE4Editor-Slate.dll!FEventRouter::RouteAlongFocusPath<FEventRouter::FBubblePolicy,<lambda_2afcd964c763e269e2d1a63f3a72f846>,FKeyEvent>() [d:\build\++ue4+release-4.13+compile\sync\engine\source\runtime\slate\private\framework\application\slateapplication.cpp:197]
[2016.08.17-00.23.06:020][170]LogOutputDevice:Error: UE4Editor-Slate.dll!FSlateApplication::ProcessKeyDownEvent() [d:\build\++ue4+release-4.13+compile\sync\engine\source\runtime\slate\private\framework\application\slateapplication.cpp:4505]
[2016.08.17-00.23.06:021][170]LogOutputDevice:Error: UE4Editor-Slate.dll!FSlateApplication::OnKeyDown() [d:\build\++ue4+release-4.13+compile\sync\engine\source\runtime\slate\private\framework\application\slateapplication.cpp:4420]
[2016.08.17-00.23.06:021][170]LogOutputDevice:Error: UE4Editor-Core.dll!FWindowsApplication::ProcessDeferredMessage() [d:\build\++ue4+release-4.13+compile\sync\engine\source\runtime\core\private\windows\windowsapplication.cpp:1419]
[2016.08.17-00.23.06:021][170]LogOutputDevice:Error: UE4Editor-Core.dll!FWindowsApplication::DeferMessage() [d:\build\++ue4+release-4.13+compile\sync\engine\source\runtime\core\private\windows\windowsapplication.cpp:1930]
[2016.08.17-00.23.06:021][170]LogOutputDevice:Error: UE4Editor-Core.dll!FWindowsApplication::ProcessMessage() [d:\build\++ue4+release-4.13+compile\sync\engine\source\runtime\core\private\windows\windowsapplication.cpp:747]
[2016.08.17-00.23.06:021][170]LogOutputDevice:Error: UE4Editor-Core.dll!FWindowsApplication::AppWndProc() [d:\build\++ue4+release-4.13+compile\sync\engine\source\runtime\core\private\windows\windowsapplication.cpp:669]
[2016.08.17-00.23.06:021][170]LogOutputDevice:Error: USER32.dll
[2016.08.17-00.23.06:021][170]LogOutputDevice:Error: USER32.dll
[2016.08.17-00.23.06:021][170]LogOutputDevice:Error: UE4Editor-Core.dll!FWindowsPlatformMisc::PumpMessages() [d:\build\++ue4+release-4.13+compile\sync\engine\source\runtime\core\private\windows\windowsplatformmisc.cpp:905]
[2016.08.17-00.23.06:021][170]LogOutputDevice:Error: UE4Editor.exe!FEngineLoop::Tick() [d:\build\++ue4+release-4.13+compile\sync\engine\source\runtime\launch\private\launchengineloop.cpp:2788]
[2016.08.17-00.23.06:021][170]LogOutputDevice:Error: UE4Editor.exe!GuardedMain() [d:\build\++ue4+release-4.13+compile\sync\engine\source\runtime\launch\private\launch.cpp:156]
[2016.08.17-00.23.06:021][170]LogOutputDevice:Error: UE4Editor.exe!GuardedMainWrapper() [d:\build\++ue4+release-4.13+compile\sync\engine\source\runtime\launch\private\windows\launchwindows.cpp:126]
[2016.08.17-00.23.06:021][170]LogOutputDevice:Error: UE4Editor.exe!WinMain() [d:\build\++ue4+release-4.13+compile\sync\engine\source\runtime\launch\private\windows\launchwindows.cpp:202]
[2016.08.17-00.23.06:021][170]LogOutputDevice:Error: UE4Editor.exe!__scrt_common_main_seh() [f:\dd\vctools\crt\vcstartup\src\startup\exe_common.inl:264]
[2016.08.17-00.23.06:021][170]LogOutputDevice:Error: KERNEL32.DLL
[2016.08.17-00.23.06:021][170]LogOutputDevice:Error: ntdll.dll
[2016.08.17-00.23.06:021][170]LogOutputDevice:Error: ntdll.dll
[2016.08.17-00.23.06:021][170]LogOutputDevice:Error: 
[2016.08.17-00.23.06:021][170]LogStats:             FDebug::EnsureFailed -  0.053 s
[2016.08.17-00.23.29:468][437]LogRenderer:Warning: Mismatch between bShouldGenerateLowQualityLightmaps(0) and r.SupportLowQualityLightmaps(1), UEngine::bShouldGenerateLowQualityLightmaps has been deprecated please use r.SupportLowQualityLightmaps instead
[2016.08.17-00.23.31:976][455]LogRenderer:Warning: Mismatch between bShouldGenerateLowQualityLightmaps(0) and r.SupportLowQualityLightmaps(1), UEngine::bShouldGenerateLowQualityLightmaps has been deprecated please use r.SupportLowQualityLightmaps instead
[2016.08.17-00.23.32:042][456]LogRenderer:Warning: Mismatch between bShouldGenerateLowQualityLightmaps(0) and r.SupportLowQualityLightmaps(1), UEngine::bShouldGenerateLowQualityLightmaps has been deprecated please use r.SupportLowQualityLightmaps instead
[2016.08.17-00.25.12:546][651]BlueprintLog: New page: Compile Board
[2016.08.17-00.25.13:246][651]LogWindows: Windows GetLastError: The operation completed successfully. (0)
[2016.08.17-00.25.52:119][651]LogCrashTracker: 


[2016.08.17-00.25.52:119][651]LogCrashTracker: 


[2016.08.17-00.25.52:119][651]LogWindows:Error: === Critical error: ===
[2016.08.17-00.25.52:119][651]LogWindows:Error: 
[2016.08.17-00.25.52:119][651]LogWindows:Error: Assertion failed: !PinRef->bWasTrashed [File:D:\Build\++UE4+Release-4.13+Compile\Sync\Engine\Source\Runtime\Engine\Private\EdGraph\EdGraphPin.cpp] [Line: 1442] 
[2016.08.17-00.25.52:119][651]LogWindows:Error: 
[2016.08.17-00.25.52:119][651]LogWindows:Error: 
[2016.08.17-00.25.52:119][651]LogWindows:Error: 
[2016.08.17-00.25.52:119][651]LogWindows:Error: KERNELBASE.dll
[2016.08.17-00.25.52:119][651]LogWindows:Error: UE4Editor-Core.dll!FOutputDeviceWindowsError::Serialize() [d:\build\++ue4+release-4.13+compile\sync\engine\source\runtime\core\private\windows\windowsplatformoutputdevices.cpp:103]
[2016.08.17-00.25.52:119][651]LogWindows:Error: UE4Editor-Core.dll!FOutputDevice::Logf__VA() [d:\build\++ue4+release-4.13+compile\sync\engine\source\runtime\core\private\misc\outputdevice.cpp:94]
[2016.08.17-00.25.52:119][651]LogWindows:Error: UE4Editor-Core.dll!FDebug::AssertFailed() [d:\build\++ue4+release-4.13+compile\sync\engine\source\runtime\core\private\misc\outputdevice.cpp:421]
[2016.08.17-00.25.52:119][651]LogWindows:Error: UE4Editor-Engine.dll!UEdGraphPin::SerializePin() [d:\build\++ue4+release-4.13+compile\sync\engine\source\runtime\engine\private\edgraph\edgraphpin.cpp:1443]
[2016.08.17-00.25.52:119][651]LogWindows:Error: UE4Editor-Engine.dll!UEdGraphPin::SerializePinArray() [d:\build\++ue4+release-4.13+compile\sync\engine\source\runtime\engine\private\edgraph\edgraphpin.cpp:1393]
[2016.08.17-00.25.52:119][651]LogWindows:Error: UE4Editor-Engine.dll!UEdGraphPin::Serialize() [d:\build\++ue4+release-4.13+compile\sync\engine\source\runtime\engine\private\edgraph\edgraphpin.cpp:1252]
[2016.08.17-00.25.52:119][651]LogWindows:Error: UE4Editor-Engine.dll!UEdGraphPin::SerializePin() [d:\build\++ue4+release-4.13+compile\sync\engine\source\runtime\engine\private\edgraph\edgraphpin.cpp:1535]
[2016.08.17-00.25.52:119][651]LogWindows:Error: UE4Editor-Engine.dll!UEdGraphPin::SerializePinArray() [d:\build\++ue4+release-4.13+compile\sync\engine\source\runtime\engine\private\edgraph\edgraphpin.cpp:1393]
[2016.08.17-00.25.52:119][651]LogWindows:Error: UE4Editor-Engine.dll!UEdGraphNode::Serialize() [d:\build\++ue4+release-4.13+compile\sync\engine\source\runtime\engine\private\edgraph\edgraphnode.cpp:325]
[2016.08.17-00.25.52:120][651]LogWindows:Error: UE4Editor-CoreUObject.dll!FFindReferencersArchive::ResetPotentialReferencer() [d:\build\++ue4+release-4.13+compile\sync\engine\source\runtime\coreuobject\private\serialization\findreferencersarchive.cpp:88]
[2016.08.17-00.25.52:120][651]LogWindows:Error: UE4Editor-UnrealEd.dll!TFindObjectReferencers<UObject>::TFindObjectReferencers<UObject>() [d:\build\++ue4+release-4.13+compile\sync\engine\source\runtime\coreuobject\public\serialization\archiveuobject.h:562]
[2016.08.17-00.25.52:120][651]LogWindows:Error: UE4Editor-UnrealEd.dll!FReplaceReferenceHelper::FindAndReplaceReferences() [d:\build\++ue4+release-4.13+compile\sync\engine\source\editor\unrealed\private\kismet2\kismetreinstanceutilities.cpp:65]
[2016.08.17-00.25.52:120][651]LogWindows:Error: UE4Editor-UnrealEd.dll!FBlueprintCompileReinstancer::ReplaceInstancesOfClass_Inner() [d:\build\++ue4+release-4.13+compile\sync\engine\source\editor\unrealed\private\kismet2\kismetreinstanceutilities.cpp:1700]
[2016.08.17-00.25.52:120][651]LogWindows:Error: UE4Editor-UnrealEd.dll!FBlueprintCompileReinstancer::ReplaceInstancesOfClass() [d:\build\++ue4+release-4.13+compile\sync\engine\source\editor\unrealed\private\kismet2\kismetreinstanceutilities.cpp:1305]
[2016.08.17-00.25.52:120][651]LogWindows:Error: UE4Editor-UnrealEd.dll!FBlueprintCompileReinstancer::ReinstanceInner() [d:\build\++ue4+release-4.13+compile\sync\engine\source\editor\unrealed\private\kismet2\kismetreinstanceutilities.cpp:599]
[2016.08.17-00.25.52:120][651]LogWindows:Error: UE4Editor-UnrealEd.dll!FBlueprintCompileReinstancer::ReinstanceObjects() [d:\build\++ue4+release-4.13+compile\sync\engine\source\editor\unrealed\private\kismet2\kismetreinstanceutilities.cpp:761]
[2016.08.17-00.25.52:120][651]LogWindows:Error: UE4Editor-UnrealEd.dll!FKismetEditorUtilities::CompileBlueprint() [d:\build\++ue4+release-4.13+compile\sync\engine\source\editor\unrealed\private\kismet2\kismet2.cpp:793]
[2016.08.17-00.25.52:120][651]LogWindows:Error: UE4Editor-Kismet.dll!FBlueprintEditor::Compile() [d:\build\++ue4+release-4.13+compile\sync\engine\source\editor\kismet\private\blueprinteditor.cpp:3213]
[2016.08.17-00.25.52:120][651]LogWindows:Error: UE4Editor-Kismet.dll!TBaseSPMethodDelegateInstance<0,FBlueprintEditor,0,TTypeWrapper<void> __cdecl(void)>::Execute() [d:\build\++ue4+release-4.13+compile\sync\engine\source\runtime\core\public\delegates\delegateinstancesimpl.h:317]
[2016.08.17-00.25.52:120][651]LogWindows:Error: UE4Editor-Kismet.dll!TBaseSPMethodDelegateInstance<0,FBlueprintEditor,0,void __cdecl(void)>::ExecuteIfSafe() [d:\build\++ue4+release-4.13+compile\sync\engine\source\runtime\core\public\delegates\delegateinstancesimpl.h:423]
[2016.08.17-00.25.52:120][651]LogWindows:Error: UE4Editor-Slate.dll!FUICommandList::ExecuteAction() [d:\build\++ue4+release-4.13+compile\sync\engine\source\runtime\slate\private\framework\commands\uicommandlist.cpp:92]
[2016.08.17-00.25.52:120][651]LogWindows:Error: UE4Editor-Slate.dll!SToolBarButtonBlock::OnClicked() [d:\build\++ue4+release-4.13+compile\sync\engine\source\runtime\slate\private\framework\multibox\stoolbarbuttonblock.cpp:300]
[2016.08.17-00.25.52:120][651]LogWindows:Error: UE4Editor-Slate.dll!TMemberFunctionCaller<SToolBarButtonBlock,FReply (__cdecl SToolBarButtonBlock::*)(void) __ptr64>::operator()<>() [d:\build\++ue4+release-4.13+compile\sync\engine\source\runtime\core\public\delegates\delegateinstanceinterface.h:161]
[2016.08.17-00.25.52:120][651]LogWindows:Error: UE4Editor-Slate.dll!TTupleImpl<TIntegerSequence<unsigned int> >::ApplyAfter<TMemberFunctionCaller<SToolBarButtonBlock,FReply (__cdecl SToolBarButtonBlock::*)(void) __ptr64> >() [d:\build\++ue4+release-4.13+compile\sync\engine\source\runtime\core\public\delegates\tuple.h:115]
[2016.08.17-00.25.52:120][651]LogWindows:Error: UE4Editor-Slate.dll!TBaseSPMethodDelegateInstance<0,SToolBarButtonBlock,0,FReply __cdecl(void)>::Execute() [d:\build\++ue4+release-4.13+compile\sync\engine\source\runtime\core\public\delegates\delegateinstancesimpl.h:317]
[2016.08.17-00.25.52:120][651]LogWindows:Error: UE4Editor-Slate.dll!TBaseDelegate<FReply>::Execute() [d:\build\++ue4+release-4.13+compile\sync\engine\source\runtime\core\public\delegates\delegatesignatureimpl.inl:521]
[2016.08.17-00.25.52:120][651]LogWindows:Error: UE4Editor-Slate.dll!SButton::OnMouseButtonUp() [d:\build\++ue4+release-4.13+compile\sync\engine\source\runtime\slate\private\widgets\input\sbutton.cpp:278]
[2016.08.17-00.25.52:120][651]LogWindows:Error: UE4Editor-Slate.dll!<lambda_8d0e9a1da76abd0a756a3a9d775f5ed1>::operator()() [d:\build\++ue4+release-4.13+compile\sync\engine\source\runtime\slate\private\framework\application\slateapplication.cpp:4891]
[2016.08.17-00.25.52:120][651]LogWindows:Error: UE4Editor-Slate.dll!FEventRouter::Route<FReply,FEventRouter::FToLeafmostPolicy,FPointerEvent,<lambda_8d0e9a1da76abd0a756a3a9d775f5ed1> >() [d:\build\++ue4+release-4.13+compile\sync\engine\source\runtime\slate\private\framework\application\slateapplication.cpp:215]
[2016.08.17-00.25.52:120][651]LogWindows:Error: UE4Editor-Slate.dll!FSlateApplication::RoutePointerUpEvent() [d:\build\++ue4+release-4.13+compile\sync\engine\source\runtime\slate\private\framework\application\slateapplication.cpp:4880]
[2016.08.17-00.25.52:120][651]LogWindows:Error: UE4Editor-Slate.dll!FSlateApplication::ProcessMouseButtonUpEvent() [d:\build\++ue4+release-4.13+compile\sync\engine\source\runtime\slate\private\framework\application\slateapplication.cpp:5338]
[2016.08.17-00.25.52:120][651]LogWindows:Error: UE4Editor-Slate.dll!FSlateApplication::OnMouseUp() [d:\build\++ue4+release-4.13+compile\sync\engine\source\runtime\slate\private\framework\application\slateapplication.cpp:5318]
[2016.08.17-00.25.52:120][651]LogWindows:Error: UE4Editor-Core.dll!FWindowsApplication::ProcessDeferredMessage() [d:\build\++ue4+release-4.13+compile\sync\engine\source\runtime\core\private\windows\windowsapplication.cpp:1584]
[2016.08.17-00.25.52:120][651]LogWindows:Error: UE4Editor-Core.dll!FWindowsApplication::DeferMessage() [d:\build\++ue4+release-4.13+compile\sync\engine\source\runtime\core\private\windows\windowsapplication.cpp:1930]
[2016.08.17-00.25.52:120][651]LogWindows:Error: UE4Editor-Core.dll!FWindowsApplication::ProcessMessage() [d:\build\++ue4+release-4.13+compile\sync\engine\source\runtime\core\private\windows\windowsapplication.cpp:747]
[2016.08.17-00.25.52:121][651]LogWindows:Error: UE4Editor-Core.dll!FWindowsApplication::AppWndProc() [d:\build\++ue4+release-4.13+compile\sync\engine\source\runtime\core\private\windows\windowsapplication.cpp:669]
[2016.08.17-00.25.52:121][651]LogWindows:Error: USER32.dll
[2016.08.17-00.25.52:121][651]LogWindows:Error: USER32.dll
[2016.08.17-00.25.52:121][651]LogWindows:Error: UE4Editor-Core.dll!FWindowsPlatformMisc::PumpMessages() [d:\build\++ue4+release-4.13+compile\sync\engine\source\runtime\core\private\windows\windowsplatformmisc.cpp:905]
[2016.08.17-00.25.52:121][651]LogWindows:Error: UE4Editor.exe!FEngineLoop::Tick() [d:\build\++ue4+release-4.13+compile\sync\engine\source\runtime\launch\private\launchengineloop.cpp:2788]
[2016.08.17-00.25.52:121][651]LogWindows:Error: UE4Editor.exe!GuardedMain() [d:\build\++ue4+release-4.13+compile\sync\engine\source\runtime\launch\private\launch.cpp:156]
[2016.08.17-00.25.52:121][651]LogWindows:Error: UE4Editor.exe!GuardedMainWrapper() [d:\build\++ue4+release-4.13+compile\sync\engine\source\runtime\launch\private\windows\launchwindows.cpp:126]
[2016.08.17-00.25.52:121][651]LogWindows:Error: UE4Editor.exe!WinMain() [d:\build\++ue4+release-4.13+compile\sync\engine\source\runtime\launch\private\windows\launchwindows.cpp:202]
[2016.08.17-00.25.52:121][651]LogWindows:Error: UE4Editor.exe!__scrt_common_main_seh() [f:\dd\vctools\crt\vcstartup\src\startup\exe_common.inl:264]
[2016.08.17-00.25.52:121][651]LogWindows:Error: KERNEL32.DLL
[2016.08.17-00.25.52:121][651]LogWindows:Error: ntdll.dll
[2016.08.17-00.25.52:121][651]LogWindows:Error: ntdll.dll
[2016.08.17-00.25.52:121][651]LogWindows:Error: 
[2016.08.17-00.25.52:192][651]LogExit: Executing StaticShutdownAfterError
[2016.08.17-00.25.52:212][651]LogWindows: FPlatformMisc::RequestExit(1)
[2016.08.17-00.25.52:213][651]Log file closed, 08/16/16 17:25:52
