Log file open, 08/16/16 17:25:25
LogInit:Display: Running engine for game: MyProject
LogPlatformFile: Not using cached read wrapper
LogInit:Display: RandInit(-570279179) SRandInit(-570279179).
LogTaskGraph: Started task graph with 5 named threads and 8 total threads with 1 sets of task threads.
LogStats: Stats thread started at 0.138624
LogPluginManager: Loaded Plugin Paper2D, From D:/Epic Games/4.13/Engine/Plugins/2D/Paper2D/Paper2D.uplugin
LogPluginManager: Loaded Plugin LightPropagationVolume, From D:/Epic Games/4.13/Engine/Plugins/Blendables/LightPropagationVolume/LightPropagationVolume.uplugin
LogPluginManager: Loaded Plugin BlankPlugin, From D:/Epic Games/4.13/Engine/Plugins/Developer/BlankPlugin/BlankPlugin.uplugin
LogPluginManager: Loaded Plugin CodeLiteSourceCodeAccess, From D:/Epic Games/4.13/Engine/Plugins/Developer/CodeLiteSourceCodeAccess/CodeLiteSourceCodeAccess.uplugin
LogPluginManager: Loaded Plugin GitSourceControl, From D:/Epic Games/4.13/Engine/Plugins/Developer/GitSourceControl/GitSourceControl.uplugin
LogPluginManager: Loaded Plugin KDevelopSourceCodeAccess, From D:/Epic Games/4.13/Engine/Plugins/Developer/KDevelopSourceCodeAccess/KDevelopSourceCodeAccess.uplugin
LogPluginManager: Loaded Plugin NullSourceCodeAccess, From D:/Epic Games/4.13/Engine/Plugins/Developer/NullSourceCodeAccess/NullSourceCodeAccess.uplugin
LogPluginManager: Loaded Plugin OneSkyLocalizationService, From D:/Epic Games/4.13/Engine/Plugins/Developer/OneSkyLocalizationService/OneSkyLocalizationService.uplugin
LogPluginManager: Loaded Plugin PerforceSourceControl, From D:/Epic Games/4.13/Engine/Plugins/Developer/PerforceSourceControl/PerforceSourceControl.uplugin
LogPluginManager: Loaded Plugin SubversionSourceControl, From D:/Epic Games/4.13/Engine/Plugins/Developer/SubversionSourceControl/SubversionSourceControl.uplugin
LogPluginManager: Loaded Plugin UObjectPlugin, From D:/Epic Games/4.13/Engine/Plugins/Developer/UObjectPlugin/UObjectPlugin.uplugin
LogPluginManager: Loaded Plugin VisualStudioSourceCodeAccess, From D:/Epic Games/4.13/Engine/Plugins/Developer/VisualStudioSourceCodeAccess/VisualStudioSourceCodeAccess.uplugin
LogPluginManager: Loaded Plugin XCodeSourceCodeAccess, From D:/Epic Games/4.13/Engine/Plugins/Developer/XCodeSourceCodeAccess/XCodeSourceCodeAccess.uplugin
LogPluginManager: Loaded Plugin EpicSurvey, From D:/Epic Games/4.13/Engine/Plugins/Editor/EpicSurvey/EpicSurvey.uplugin
LogPluginManager: Loaded Plugin MacGraphicsSwitching, From D:/Epic Games/4.13/Engine/Plugins/Editor/MacGraphicsSwitching/MacGraphicsSwitching.uplugin
LogPluginManager: Loaded Plugin MobileLauncherProfileWizard, From D:/Epic Games/4.13/Engine/Plugins/Editor/MobileLauncherProfileWizard/MobileLauncherProfileWizard.uplugin
LogPluginManager: Loaded Plugin PluginBrowser, From D:/Epic Games/4.13/Engine/Plugins/Editor/PluginBrowser/PluginBrowser.uplugin
LogPluginManager: Loaded Plugin SpeedTreeImporter, From D:/Epic Games/4.13/Engine/Plugins/Editor/SpeedTreeImporter/SpeedTreeImporter.uplugin
LogPluginManager: Loaded Plugin SuperSearchEditor, From D:/Epic Games/4.13/Engine/Plugins/Editor/SuperSearchEditor/SuperSearchEditor.uplugin
LogPluginManager: Loaded Plugin AlembicImporter, From D:/Epic Games/4.13/Engine/Plugins/Experimental/AlembicImporter/AlembicImporter.uplugin
LogPluginManager: Loaded Plugin BlueprintStats, From D:/Epic Games/4.13/Engine/Plugins/Experimental/BlueprintStats/BlueprintStats.uplugin
LogPluginManager: Loaded Plugin CharacterAI, From D:/Epic Games/4.13/Engine/Plugins/Experimental/CharacterAI/CharacterAI.uplugin
LogPluginManager: Loaded Plugin CodeEditor, From D:/Epic Games/4.13/Engine/Plugins/Experimental/CodeEditor/CodeEditor.uplugin
LogPluginManager: Loaded Plugin CodeView, From D:/Epic Games/4.13/Engine/Plugins/Experimental/CodeView/CodeView.uplugin
LogPluginManager: Loaded Plugin HTML5Networking, From D:/Epic Games/4.13/Engine/Plugins/Experimental/HTML5Networking/HTML5Networking.uplugin
LogPluginManager: Loaded Plugin LiveEditor, From D:/Epic Games/4.13/Engine/Plugins/Experimental/LiveEditor/LiveEditor.uplugin
LogPluginManager: Loaded Plugin OSVR, From D:/Epic Games/4.13/Engine/Plugins/Experimental/OSVR/OSVR.uplugin
LogPluginManager: Loaded Plugin Phya, From D:/Epic Games/4.13/Engine/Plugins/Experimental/Phya/Phya.uplugin
LogPluginManager: Loaded Plugin SignificanceManager, From D:/Epic Games/4.13/Engine/Plugins/Experimental/SignificanceManager/SignificanceManager.uplugin
LogPluginManager: Loaded Plugin SimpleHMD, From D:/Epic Games/4.13/Engine/Plugins/Experimental/SimpleHMD/SimpleHMD.uplugin
LogPluginManager: Loaded Plugin StereoPanorama, From D:/Epic Games/4.13/Engine/Plugins/Experimental/StereoPanorama/StereoPanorama.uplugin
LogPluginManager: Loaded Plugin StructBox, From D:/Epic Games/4.13/Engine/Plugins/Experimental/StructBox/StructBox.uplugin
LogPluginManager: Loaded Plugin AndroidMedia, From D:/Epic Games/4.13/Engine/Plugins/Media/AndroidMedia/AndroidMedia.uplugin
LogPluginManager: Loaded Plugin AvfMedia, From D:/Epic Games/4.13/Engine/Plugins/Media/AvfMedia/AvfMedia.uplugin
LogPluginManager: Loaded Plugin MediaPlayerEditor, From D:/Epic Games/4.13/Engine/Plugins/Media/MediaPlayerEditor/MediaPlayerEditor.uplugin
LogPluginManager: Loaded Plugin WmfMedia, From D:/Epic Games/4.13/Engine/Plugins/Media/WmfMedia/WmfMedia.uplugin
LogPluginManager: Loaded Plugin MessagingDebugger, From D:/Epic Games/4.13/Engine/Plugins/Messaging/MessagingDebugger/MessagingDebugger.uplugin
LogPluginManager: Loaded Plugin TcpMessaging, From D:/Epic Games/4.13/Engine/Plugins/Messaging/TcpMessaging/TcpMessaging.uplugin
LogPluginManager: Loaded Plugin UdpMessaging, From D:/Epic Games/4.13/Engine/Plugins/Messaging/UdpMessaging/UdpMessaging.uplugin
LogPluginManager: Loaded Plugin LevelSequenceEditor, From D:/Epic Games/4.13/Engine/Plugins/MovieScene/LevelSequenceEditor/LevelSequenceEditor.uplugin
LogPluginManager: Loaded Plugin MatineeToLevelSequence, From D:/Epic Games/4.13/Engine/Plugins/MovieScene/MatineeToLevelSequence/MatineeToLevelSequence.uplugin
LogPluginManager: Loaded Plugin NetcodeUnitTest, From D:/Epic Games/4.13/Engine/Plugins/NetcodeUnitTest/NetcodeUnitTest/NetcodeUnitTest.uplugin
LogPluginManager: Loaded Plugin NUTUnrealEngine4, From D:/Epic Games/4.13/Engine/Plugins/NetcodeUnitTest/NUTUnrealEngine4/NUTUnrealEngine4.uplugin
LogPluginManager: Loaded Plugin OnlineSubsystemGooglePlay, From D:/Epic Games/4.13/Engine/Plugins/Online/Android/OnlineSubsystemGooglePlay/OnlineSubsystemGooglePlay.uplugin
LogPluginManager: Loaded Plugin OnlineSubsystemIOS, From D:/Epic Games/4.13/Engine/Plugins/Online/IOS/OnlineSubsystemIOS/OnlineSubsystemIOS.uplugin
LogPluginManager: Loaded Plugin OnlineFramework, From D:/Epic Games/4.13/Engine/Plugins/Online/OnlineFramework/OnlineFramework.uplugin
LogPluginManager: Loaded Plugin OnlineSubsystem, From D:/Epic Games/4.13/Engine/Plugins/Online/OnlineSubsystem/OnlineSubsystem.uplugin
LogPluginManager: Loaded Plugin OnlineSubsystemAmazon, From D:/Epic Games/4.13/Engine/Plugins/Online/OnlineSubsystemAmazon/OnlineSubsystemAmazon.uplugin
LogPluginManager: Loaded Plugin OnlineSubsystemFacebook, From D:/Epic Games/4.13/Engine/Plugins/Online/OnlineSubsystemFacebook/OnlineSubsystemFacebook.uplugin
LogPluginManager: Loaded Plugin OnlineSubsystemNull, From D:/Epic Games/4.13/Engine/Plugins/Online/OnlineSubsystemNull/OnlineSubsystemNull.uplugin
LogPluginManager: Loaded Plugin OnlineSubsystemOculus, From D:/Epic Games/4.13/Engine/Plugins/Online/OnlineSubsystemOculus/OnlineSubsystemOculus.uplugin
LogPluginManager: Loaded Plugin OnlineSubsystemSteam, From D:/Epic Games/4.13/Engine/Plugins/Online/OnlineSubsystemSteam/OnlineSubsystemSteam.uplugin
LogPluginManager: Loaded Plugin OnlineSubsystemUtils, From D:/Epic Games/4.13/Engine/Plugins/Online/OnlineSubsystemUtils/OnlineSubsystemUtils.uplugin
LogPluginManager: Loaded Plugin IOSTapJoy, From D:/Epic Games/4.13/Engine/Plugins/Runtime/Advertising/IOSTapJoy/IOSTapJoy.uplugin
LogPluginManager: Loaded Plugin AnalyticsBlueprintLibrary, From D:/Epic Games/4.13/Engine/Plugins/Runtime/Analytics/AnalyticsBlueprintLibrary/AnalyticsBlueprintLibrary.uplugin
LogPluginManager: Loaded Plugin AnalyticsMulticast, From D:/Epic Games/4.13/Engine/Plugins/Runtime/Analytics/AnalyticsMulticast/AnalyticsMulticast.uplugin
LogPluginManager: Loaded Plugin Apsalar, From D:/Epic Games/4.13/Engine/Plugins/Runtime/Analytics/Apsalar/Apsalar.uplugin
LogPluginManager: Loaded Plugin FileLogging, From D:/Epic Games/4.13/Engine/Plugins/Runtime/Analytics/FileLogging/FileLogging.uplugin
LogPluginManager: Loaded Plugin Flurry, From D:/Epic Games/4.13/Engine/Plugins/Runtime/Analytics/Flurry/Flurry.uplugin
LogPluginManager: Loaded Plugin AndroidDeviceProfileSelector, From D:/Epic Games/4.13/Engine/Plugins/Runtime/AndroidDeviceProfileSelector/AndroidDeviceProfileSelector.uplugin
LogPluginManager: Loaded Plugin AndroidMoviePlayer, From D:/Epic Games/4.13/Engine/Plugins/Runtime/AndroidMoviePlayer/AndroidMoviePlayer.uplugin
LogPluginManager: Loaded Plugin AppleMoviePlayer, From D:/Epic Games/4.13/Engine/Plugins/Runtime/AppleMoviePlayer/AppleMoviePlayer.uplugin
LogPluginManager: Loaded Plugin ArchVisCharacter, From D:/Epic Games/4.13/Engine/Plugins/Runtime/ArchVisCharacter/ArchVisCharacter.uplugin
LogPluginManager: Loaded Plugin CableComponent, From D:/Epic Games/4.13/Engine/Plugins/Runtime/CableComponent/CableComponent.uplugin
LogPluginManager: Loaded Plugin CustomMeshComponent, From D:/Epic Games/4.13/Engine/Plugins/Runtime/CustomMeshComponent/CustomMeshComponent.uplugin
LogPluginManager: Loaded Plugin ExampleDeviceProfileSelector, From D:/Epic Games/4.13/Engine/Plugins/Runtime/ExampleDeviceProfileSelector/ExampleDeviceProfileSelector.uplugin
LogPluginManager: Loaded Plugin GearVR, From D:/Epic Games/4.13/Engine/Plugins/Runtime/GearVR/GearVR.uplugin
LogPluginManager: Loaded Plugin GoogleVRController, From D:/Epic Games/4.13/Engine/Plugins/Runtime/GoogleVR/GoogleVRController/GoogleVRController.uplugin
LogPluginManager: Loaded Plugin GoogleVRHMD, From D:/Epic Games/4.13/Engine/Plugins/Runtime/GoogleVR/GoogleVRHMD/GoogleVRHMD.uplugin
LogPluginManager: Loaded Plugin IOSDeviceProfileSelector, From D:/Epic Games/4.13/Engine/Plugins/Runtime/IOSDeviceProfileSelector/IOSDeviceProfileSelector.uplugin
LogPluginManager: Loaded Plugin LeapMotion, From D:/Epic Games/4.13/Engine/Plugins/Runtime/LeapMotion/LeapMotion.uplugin
LogPluginManager: Loaded Plugin LinuxDeviceProfileSelector, From D:/Epic Games/4.13/Engine/Plugins/Runtime/LinuxDeviceProfileSelector/LinuxDeviceProfileSelector.uplugin
LogPluginManager: Loaded Plugin LiveEditorListenServer, From D:/Epic Games/4.13/Engine/Plugins/Runtime/LiveEditorListenServer/LiveEditorListenServer.uplugin
LogPluginManager: Loaded Plugin OculusAudio, From D:/Epic Games/4.13/Engine/Plugins/Runtime/OculusAudio/OculusAudio.uplugin
LogPluginManager: Loaded Plugin OculusInput, From D:/Epic Games/4.13/Engine/Plugins/Runtime/OculusInput/OculusInput.uplugin
LogPluginManager: Loaded Plugin OculusLibrary, From D:/Epic Games/4.13/Engine/Plugins/Runtime/OculusLibrary/OculusLibrary.uplugin
LogPluginManager: Loaded Plugin OculusRift, From D:/Epic Games/4.13/Engine/Plugins/Runtime/OculusRift/OculusRift.uplugin
LogPluginManager: Loaded Plugin Oodle, From D:/Epic Games/4.13/Engine/Plugins/Runtime/PacketHandlers/CompressionComponents/Oodle/Oodle.uplugin
LogPluginManager: Loaded Plugin ProceduralMeshComponent, From D:/Epic Games/4.13/Engine/Plugins/Runtime/ProceduralMeshComponent/ProceduralMeshComponent.uplugin
LogPluginManager: Loaded Plugin SoundMod, From D:/Epic Games/4.13/Engine/Plugins/Runtime/SoundMod/SoundMod.uplugin
LogPluginManager: Loaded Plugin SoundVisualizations, From D:/Epic Games/4.13/Engine/Plugins/Runtime/SoundVisualizations/SoundVisualizations.uplugin
LogPluginManager: Loaded Plugin SteamController, From D:/Epic Games/4.13/Engine/Plugins/Runtime/Steam/SteamController/SteamController.uplugin
LogPluginManager: Loaded Plugin SteamVR, From D:/Epic Games/4.13/Engine/Plugins/Runtime/Steam/SteamVR/SteamVR.uplugin
LogPluginManager: Loaded Plugin WebBrowserWidget, From D:/Epic Games/4.13/Engine/Plugins/Runtime/WebBrowserWidget/WebBrowserWidget.uplugin
LogPluginManager: Loaded Plugin WindowsDeviceProfileSelector, From D:/Epic Games/4.13/Engine/Plugins/Runtime/WindowsDeviceProfileSelector/WindowsDeviceProfileSelector.uplugin
LogPluginManager: Loaded Plugin WindowsMoviePlayer, From D:/Epic Games/4.13/Engine/Plugins/Runtime/WindowsMoviePlayer/WindowsMoviePlayer.uplugin
LogPluginManager: Loaded Plugin ScriptPlugin, From D:/Epic Games/4.13/Engine/Plugins/ScriptPlugin/ScriptPlugin.uplugin
LogPluginManager: Loaded Plugin SlateRemote, From D:/Epic Games/4.13/Engine/Plugins/Slate/SlateRemote/SlateRemote.uplugin
LogInit: Using libcurl 7.47.1
LogInit:  - built for x86_64-pc-win32
LogInit:  - supports SSL with WinSSL
LogInit:  - other features:
LogInit:      CURL_VERSION_SSL
LogInit:      CURL_VERSION_IPV6
LogInit:      CURL_VERSION_ASYNCHDNS
LogInit:      CURL_VERSION_LARGEFILE
LogInit:      CURL_VERSION_IDN
LogInit:  CurlRequestOptions (configurable via config and command line):
LogInit:  - bVerifyPeer = false  - Libcurl will NOT verify peer certificate
LogInit:  - bUseHttpProxy = false  - Libcurl will NOT use HTTP proxy
LogInit:  - bDontReuseConnections = false  - Libcurl will reuse connections
LogInit:  - CertBundlePath = nullptr  - Libcurl will use whatever was configured at build time.
LogInit: Build: ++UE4+Release-4.13-CL-3072953
LogInit: Engine Version: 4.13.0-3072953+++UE4+Release-4.13
LogInit: Compatible Engine Version: 4.13.0-3072953+++UE4+Release-4.13
LogInit: Net CL: 3072953
LogDevObjectVersion: Number of dev versions registered: 13
LogDevObjectVersion:   Dev-Blueprints (B0D832E4-1F89-4F0D-ACCF-7EB736FD4AA2): 4
LogDevObjectVersion:   Dev-Build (E1C64328-A22C-4D53-A36C-8E866417BD8C): 0
LogDevObjectVersion:   Dev-Core (375EC13C-06E4-48FB-B500-84F0262A717E): 1
LogDevObjectVersion:   Dev-Editor (E4B068ED-F494-42E9-A231-DA0B2E46BB41): 5
LogDevObjectVersion:   Dev-Framework (CFFC743F-43B0-4480-9391-14DF171D2073): 12
LogDevObjectVersion:   Dev-Mobile (B02B49B5-BB20-44E9-A304-32B752E40360): 0
LogDevObjectVersion:   Dev-Networking (A4E4105C-59A1-49B5-A7C5-40C4547EDFEE): 0
LogDevObjectVersion:   Dev-Online (39C831C9-5AE6-47DC-9A44-9C173E1C8E7C): 0
LogDevObjectVersion:   Dev-Physics (78F01B33-EBEA-4F98-B9B4-84EACCB95AA2): 0
LogDevObjectVersion:   Dev-Platform (6631380F-2D4D-43E0-8009-CF276956A95A): 0
LogDevObjectVersion:   Dev-Rendering (12F88B9F-8875-4AFC-A67C-D90C383ABD29): 4
LogDevObjectVersion:   Dev-Sequencer (7B5AE74C-D270-4C10-A958-57980B212A5A): 0
LogDevObjectVersion:   Dev-VR (D7296918-1DD6-4BDD-9DE2-64A83CC13884): 0
LogInit: Compiled (64-bit): Aug  2 2016 02:09:21
LogInit: Compiled with Visual C++: 19.00.23026.00
LogInit: Build Configuration: Development
LogInit: Branch Name: ++UE4+Release-4.13
LogInit: Command line: 
LogInit: Base directory: D:/Epic Games/4.13/Engine/Binaries/Win64/
LogInit: Installed Engine Build: 1
LogInit: Presizing for max 8388607 objects, including 0 objects not considered by GC, pre-allocating 0 bytes for permanent pool.
LogInit: Object subsystem initialized
[2016.08.17-00.25.26:518][  0]LogConsoleManager:Display: Setting the console variable 'r.RHICmdBypass' with 'SetByProjectSetting' was ignored as it is lower priority than the previous 'SetBySystemSettingsIni'
[2016.08.17-00.25.26:527][  0]LogConsoleManager:Warning: Setting the console variable 'r.PostProcessAAQuality' with 'SetByScalability' was ignored as it is lower priority than the previous 'SetByProjectSetting'
[2016.08.17-00.25.26:527][  0]LogConsoleManager:Warning: Setting the console variable 'r.MotionBlurQuality' with 'SetByScalability' was ignored as it is lower priority than the previous 'SetByProjectSetting'
[2016.08.17-00.25.26:527][  0]LogConsoleManager:Warning: Setting the console variable 'r.AmbientOcclusionLevels' with 'SetByScalability' was ignored as it is lower priority than the previous 'SetByProjectSetting'
[2016.08.17-00.25.26:527][  0]LogConsoleManager:Warning: Setting the console variable 'r.DepthOfFieldQuality' with 'SetByScalability' was ignored as it is lower priority than the previous 'SetByProjectSetting'
[2016.08.17-00.25.26:527][  0]LogConsoleManager:Warning: Setting the console variable 'r.LensFlareQuality' with 'SetByScalability' was ignored as it is lower priority than the previous 'SetByProjectSetting'
[2016.08.17-00.25.26:527][  0]LogConsoleManager:Warning: Setting the console variable 'r.SceneColorFringeQuality' with 'SetByScalability' was ignored as it is lower priority than the previous 'SetByProjectSetting'
[2016.08.17-00.25.26:527][  0]LogConsoleManager:Warning: Setting the console variable 'r.BloomQuality' with 'SetByScalability' was ignored as it is lower priority than the previous 'SetByProjectSetting'
[2016.08.17-00.25.26:527][  0]LogConsoleManager:Warning: Setting the console variable 'r.FastBlurThreshold' with 'SetByScalability' was ignored as it is lower priority than the previous 'SetByProjectSetting'
[2016.08.17-00.25.26:528][  0]LogConsoleManager:Warning: Setting the console variable 'r.MaxAnisotropy' with 'SetByScalability' was ignored as it is lower priority than the previous 'SetByProjectSetting'
[2016.08.17-00.25.26:528][  0]LogConsoleManager:Warning: Setting the console variable 'r.TranslucencyLightingVolumeDim' with 'SetByScalability' was ignored as it is lower priority than the previous 'SetByProjectSetting'
[2016.08.17-00.25.26:528][  0]LogConsoleManager:Warning: Setting the console variable 'r.SSR.Quality' with 'SetByScalability' was ignored as it is lower priority than the previous 'SetByProjectSetting'
[2016.08.17-00.25.26:528][  0]LogConsoleManager:Warning: Setting the console variable 'r.SceneColorFormat' with 'SetByScalability' was ignored as it is lower priority than the previous 'SetByProjectSetting'
[2016.08.17-00.25.26:528][  0]LogConsoleManager:Warning: Setting the console variable 'r.TranslucencyVolumeBlur' with 'SetByScalability' was ignored as it is lower priority than the previous 'SetByProjectSetting'
[2016.08.17-00.25.26:528][  0]LogInit: Selected Device Profile: [Windows]
[2016.08.17-00.25.26:528][  0]LogInit: Applying CVar settings loaded from the selected device profile: [Windows]
[2016.08.17-00.25.26:622][  0]LogInit: Computer: DESKTOP-EO5RCL8
[2016.08.17-00.25.26:622][  0]LogInit: User: PC
[2016.08.17-00.25.26:622][  0]LogInit: CPU Page size=65536, Cores=4
[2016.08.17-00.25.26:622][  0]LogInit: High frequency timer resolution =2.531255 MHz
[2016.08.17-00.25.26:623][  0]LogMemory: Memory total: Physical=15.9GB (16GB approx)
[2016.08.17-00.25.26:624][  0]LogMemory: Platform Memory Stats for Windows
[2016.08.17-00.25.26:624][  0]LogMemory: Process Physical Memory: 256.07 MB used, 256.07 MB peak
[2016.08.17-00.25.26:624][  0]LogMemory: Process Virtual Memory: 260.04 MB used, 260.04 MB peak
[2016.08.17-00.25.26:624][  0]LogMemory: Physical Memory: 8099.83 MB used, 16282.54 MB total
[2016.08.17-00.25.26:624][  0]LogMemory: Virtual Memory: 618.85 MB used, 134217728.00 MB total
[2016.08.17-00.25.26:742][  0]LogTextLocalizationManager: No specific translations for ('en-US') exist, so ('en') translations will be used.
[2016.08.17-00.25.29:079][  0]LogD3D11RHI: D3D11 adapters:
[2016.08.17-00.25.29:165][  0]LogD3D11RHI:    0. 'NVIDIA GeForce GTX 960M' (Feature Level 11_0)
[2016.08.17-00.25.29:165][  0]LogD3D11RHI:       4064/0/8141 MB DedicatedVideo/DedicatedSystem/SharedSystem, Outputs:1, VendorId:0x10de
[2016.08.17-00.25.29:184][  0]LogD3D11RHI:    1. 'Intel(R) HD Graphics 530' (Feature Level 11_0)
[2016.08.17-00.25.29:184][  0]LogD3D11RHI:       128/0/8141 MB DedicatedVideo/DedicatedSystem/SharedSystem, Outputs:0, VendorId:0x8086
[2016.08.17-00.25.29:189][  0]LogD3D11RHI:    2. 'Microsoft Basic Render Driver' (Feature Level 11_0)
[2016.08.17-00.25.29:189][  0]LogD3D11RHI:       0/0/8141 MB DedicatedVideo/DedicatedSystem/SharedSystem, Outputs:0, VendorId:0x1414
[2016.08.17-00.25.29:189][  0]LogD3D11RHI: Chosen D3D11 Adapter: 0
[2016.08.17-00.25.29:204][  0]LogD3D11RHI: Creating new Direct3DDevice
[2016.08.17-00.25.29:204][  0]LogD3D11RHI:     GPU DeviceId: 0x139b (for the marketing name, search the web for "GPU Device Id")
[2016.08.17-00.25.29:204][  0]LogWindows: EnumDisplayDevices:
[2016.08.17-00.25.29:204][  0]LogWindows:    0. 'Intel(R) HD Graphics 530' (P:1 D:1)
[2016.08.17-00.25.29:205][  0]LogWindows:    1. 'Intel(R) HD Graphics 530' (P:0 D:0)
[2016.08.17-00.25.29:206][  0]LogWindows:    2. 'Intel(R) HD Graphics 530' (P:0 D:0)
[2016.08.17-00.25.29:206][  0]LogWindows: DebugString: PrimaryIsNotTheChoosenAdapter PrimaryIsNotTheChoosenAdapter PrimaryIsNotTheChoosenAdapter FoundDriverCount:0 
[2016.08.17-00.25.29:206][  0]LogD3D11RHI:     Adapter Name: NVIDIA GeForce GTX 960M
[2016.08.17-00.25.29:206][  0]LogD3D11RHI:   Driver Version: Unknown (internal:Unknown, unified:Unknown)
[2016.08.17-00.25.29:206][  0]LogD3D11RHI:      Driver Date: Unknown
[2016.08.17-00.25.29:206][  0]LogRHI: Texture pool is 1361 MB (70% of 1945 MB)
[2016.08.17-00.25.29:245][  0]LogD3D11RHI: Async texture creation enabled
[2016.08.17-00.25.29:264][  0]LogD3D11RHI: GPU Timing Frequency: 1000.000000 (Debug: 2 1)
[2016.08.17-00.25.29:265][  0]LogShaderCompilers: Guid format shader working directory is 4 characters bigger than the processId version (../../../../../UnrealProjects/MyProject/Intermediate/Shaders/WorkingDirectory/8552/).
[2016.08.17-00.25.29:266][  0]LogShaderCompilers: Cleaned the shader compiler working directory 'C:/Users/PC/AppData/Local/Temp/UnrealShaderWorkingDir/C18FAE784EFDCEE1783B7A8F7FB330EA/'.
[2016.08.17-00.25.29:266][  0]LogShaderCompilers:Display: Using Local Shader Compiler.
[2016.08.17-00.25.32:186][  0]LogTemp:Display: Loaded TP AllDesktopTargetPlatform
[2016.08.17-00.25.32:213][  0]LogTemp:Display: Loaded TP WindowsClientTargetPlatform
[2016.08.17-00.25.32:241][  0]LogTemp:Display: Loaded TP WindowsNoEditorTargetPlatform
[2016.08.17-00.25.32:267][  0]LogTemp:Display: Loaded TP WindowsServerTargetPlatform
[2016.08.17-00.25.32:291][  0]LogTemp:Display: Loaded TP WindowsTargetPlatform
[2016.08.17-00.25.32:325][  0]LogTemp:Display: Loaded TP AndroidTargetPlatform
[2016.08.17-00.25.32:350][  0]LogTemp:Display: Loaded TP Android_ASTCTargetPlatform
[2016.08.17-00.25.32:372][  0]LogTemp:Display: Loaded TP Android_ATCTargetPlatform
[2016.08.17-00.25.32:393][  0]LogTemp:Display: Loaded TP Android_DXTTargetPlatform
[2016.08.17-00.25.32:414][  0]LogTemp:Display: Loaded TP Android_ETC1TargetPlatform
[2016.08.17-00.25.32:434][  0]LogTemp:Display: Loaded TP Android_ETC2TargetPlatform
[2016.08.17-00.25.32:475][  0]LogTemp:Display: Loaded TP Android_MultiTargetPlatform
[2016.08.17-00.25.32:475][  0]LogTemp:Display: Loaded TP Android_PVRTCTargetPlatform
[2016.08.17-00.25.32:478][  0]LogTemp:Display: Loaded TP HTML5TargetPlatform
[2016.08.17-00.25.32:519][  0]LogTemp:Display: Loaded TP IOSTargetPlatform
[2016.08.17-00.25.32:541][  0]LogTemp:Display: Loaded TP TVOSTargetPlatform
[2016.08.17-00.25.32:565][  0]LogTemp:Display: Loaded TP LinuxClientTargetPlatform
[2016.08.17-00.25.32:589][  0]LogTemp:Display: Loaded TP LinuxNoEditorTargetPlatform
[2016.08.17-00.25.32:613][  0]LogTemp:Display: Loaded TP LinuxServerTargetPlatform
[2016.08.17-00.25.32:635][  0]LogTemp:Display: Loaded TP LinuxTargetPlatform
[2016.08.17-00.25.32:635][  0]LogTargetPlatformManager:Display: Building Assets For Windows
[2016.08.17-00.25.32:889][  0]LogDerivedDataCache:Display: Max Cache Size: 512 MB
[2016.08.17-00.25.33:047][  0]LogDerivedDataCache: Loaded boot cache 0.16s 64MB C:/Users/PC/AppData/Local/UnrealEngine/4.13/DerivedDataCache/Boot.ddc.
[2016.08.17-00.25.33:047][  0]LogDerivedDataCache:Display: Loaded Boot cache: C:/Users/PC/AppData/Local/UnrealEngine/4.13/DerivedDataCache/Boot.ddc
[2016.08.17-00.25.33:047][  0]LogDerivedDataCache: FDerivedDataBackendGraph:  Pak pak cache file ../../../../../UnrealProjects/MyProject/DerivedDataCache/DDC.ddp not found, will not use a pak cache.
[2016.08.17-00.25.33:047][  0]LogDerivedDataCache: Unable to find inner node Pak for hierarchical cache Hierarchy.
[2016.08.17-00.25.33:048][  0]LogDerivedDataCache: FDerivedDataBackendGraph:  CompressedPak pak cache file ../../../../../UnrealProjects/MyProject/DerivedDataCache/Compressed.ddp not found, will not use a pak cache.
[2016.08.17-00.25.33:048][  0]LogDerivedDataCache: Unable to find inner node CompressedPak for hierarchical cache Hierarchy.
[2016.08.17-00.25.33:102][  0]LogDerivedDataCache:Display: Pak cache opened for reading ../../../Engine/DerivedDataCache/Compressed.ddp.
[2016.08.17-00.25.33:124][  0]LogDerivedDataCache: Using Local data cache path C:/Users/PC/AppData/Local/UnrealEngine/Common/DerivedDataCache: Writable
[2016.08.17-00.25.33:731][  0]LogInit: Selected Device Profile: [Windows]
[2016.08.17-00.25.33:732][  0]LogContentStreaming: Texture pool size is 0.00 MB
[2016.08.17-00.25.33:857][  0]LogMaterial: Uniform references updated for custom material expression Custom.
[2016.08.17-00.25.34:217][  0]LogMeshUtilities: No automatic mesh reduction module available
[2016.08.17-00.25.34:218][  0]LogMeshUtilities: No automatic mesh merging module available
[2016.08.17-00.25.34:218][  0]LogMeshUtilities: No distributed automatic mesh merging module available
[2016.08.17-00.25.35:030][  0]LogNetVersion: GetLocalNetworkVersion: CL: 3072953, ProjectName: myproject, ProjectVersion: , EngineNetworkVersion: 1, GameNetworkVersion: 0, NetworkChecksum: 2234314750
[2016.08.17-00.25.35:108][  0]LogAssetRegistry: FAssetRegistry took 0.0222 seconds to start up
[2016.08.17-00.25.35:256][  0]LogPackageLocalizationCache: Processed 3 localized package path(s) for 2 prioritized culture(s) in 0.139285 seconds
[2016.08.17-00.25.35:272][  0]LogUObjectArray: 29486 objects as part of root set at end of initial load.
[2016.08.17-00.25.35:272][  0]LogUObjectAllocator: 6029104 out of 0 bytes used by permanent object pool.
[2016.08.17-00.25.35:272][  0]LogUObjectArray: CloseDisregardForGC: 0/0 objects in disregard for GC pool
[2016.08.17-00.25.35:302][  0]LogInit: WinSock: version 1.1 (2.2), MaxSocks=32767, MaxUdp=65467
[2016.08.17-00.25.35:930][  0]LogSlate: SlateFontCache - WITH_FREETYPE: 1, WITH_HARFBUZZ: 1
[2016.08.17-00.25.35:930][  0]LogSlate: SlateFontCache - WITH_FREETYPE: 1, WITH_HARFBUZZ: 1
[2016.08.17-00.25.38:532][  0]LogUdpMessaging: Initializing bridge on interface 0.0.0.0:0 to multicast group 230.0.0.1:6666.
[2016.08.17-00.25.39:405][  0]SourceControl: Info Source control is disabled
[2016.08.17-00.25.39:623][  0]SourceControl: Info Source control is disabled
[2016.08.17-00.25.39:660][  0]SourceControl: Info Source control is disabled
[2016.08.17-00.25.39:703][  0]SourceControl: Info Source control is disabled
[2016.08.17-00.25.40:971][  0]LogEngine: Initializing Engine...
[2016.08.17-00.25.41:119][  0]LogHMD: Failed to initialize OpenVR with code 126
[2016.08.17-00.25.41:709][  0]LogRenderer:Warning: Mismatch between bShouldGenerateLowQualityLightmaps(0) and r.SupportLowQualityLightmaps(1), UEngine::bShouldGenerateLowQualityLightmaps has been deprecated please use r.SupportLowQualityLightmaps instead
[2016.08.17-00.25.41:742][  0]LogAIModule: Creating AISystem for world Untitled
[2016.08.17-00.25.41:765][  0]LogInit: XAudio2 using 'Speakers (Conexant SmartAudio HD)' : 2 channels at 48 kHz using 32 bits per sample (channel mask 0x3)
[2016.08.17-00.25.41:818][  0]LogInit: FAudioDevice initialized.
[2016.08.17-00.25.41:940][  0]LogDerivedDataCache: Saved boot cache 0.12s 64MB C:/Users/PC/AppData/Local/UnrealEngine/4.13/DerivedDataCache/Boot.ddc.
[2016.08.17-00.25.42:030][  0]LogInit: Texture streaming: Enabled
[2016.08.17-00.25.42:123][  0]LogInit: Transaction tracking system initialized
[2016.08.17-00.25.42:195][  0]BlueprintLog: New page: Editor Load
[2016.08.17-00.25.42:451][  0]LocalizationService: Info Localization service is disabled
[2016.08.17-00.25.43:296][  0]LogConsoleResponse:Display: 
[2016.08.17-00.25.43:719][  0]LogCook:Display: Max memory allowance for cook 16384mb min free memory 0mb
[2016.08.17-00.25.43:719][  0]LogCook:Display: Mobile HDR setting 1
[2016.08.17-00.25.44:222][  0]LogFileCache: Scanning file cache for directory 'D:/UnrealProjects/MyProject/Content/' took 0.03s
[2016.08.17-00.25.44:222][  0]SourceControl: Info Source control is disabled
[2016.08.17-00.25.44:222][  0]Cmd: MAP LOAD FILE="../../../../../UnrealProjects/MyProject/Content/VirtualRealityBP/Maps/MotionControllerMap.umap" TEMPLATE=0 SHOWPROGRESS=1 FEATURELEVEL=3
[2016.08.17-00.25.44:224][  0]LightingResults: New page: Lighting Build
[2016.08.17-00.25.44:231][  0]MapCheck: New page: Map Check
[2016.08.17-00.25.44:231][  0]LightingResults: New page: Lighting Build
[2016.08.17-00.25.46:087][  0]LogRenderer:Warning: Mismatch between bShouldGenerateLowQualityLightmaps(0) and r.SupportLowQualityLightmaps(1), UEngine::bShouldGenerateLowQualityLightmaps has been deprecated please use r.SupportLowQualityLightmaps instead
[2016.08.17-00.25.46:088][  0]LogAIModule: Creating AISystem for world MotionControllerMap
[2016.08.17-00.25.46:119][  0]LogEditorServer: Finished looking for orphan Actors (0.000 secs)
[2016.08.17-00.25.46:122][  0]Cmd: MAP CHECKDEP NOCLEARLOG
[2016.08.17-00.25.46:384][  0]MapCheck: Info Map check complete: 0 Error(s), 0 Warning(s), took 262.573ms to complete.
[2016.08.17-00.25.46:384][  0]LogFileHelpers: Loading map 'MotionControllerMap' took 2.163
[2016.08.17-00.25.46:629][  0]LogCollectionManager: Loaded 0 collections in 0.005269 seconds
[2016.08.17-00.25.46:682][  0]LogFileCache: Scanning file cache for directory 'D:/UnrealProjects/MyProject/Saved/Collections/' took 0.01s
[2016.08.17-00.25.46:683][  0]LogFileCache: Scanning file cache for directory 'D:/UnrealProjects/MyProject/Content/Developers/PC/Collections/' took 0.01s
[2016.08.17-00.25.46:683][  0]LogFileCache: Scanning file cache for directory 'D:/UnrealProjects/MyProject/Content/Collections/' took 0.01s
[2016.08.17-00.25.46:683][  0]LogCollectionManager: Rebuilt the GUID cache for 0 collections in 0.000006 seconds
[2016.08.17-00.25.46:707][  0]LogContentBrowser: Native class hierarchy populated in 0.0241 seconds. Added 2140 classes and 413 folders.
[2016.08.17-00.25.46:715][  0]LogStats: UGameplayTagsManager::ConstructGameplayTagTree: Construct from data asset -  0.000 s
[2016.08.17-00.25.46:715][  0]LogStats: UGameplayTagsManager::ConstructGameplayTagTree: GameplayTagTreeChangedEvent.Broadcast -  0.000 s
[2016.08.17-00.25.46:717][  0]LogContentBrowser: Native class hierarchy updated for 'GameplayTags' in 0.0014 seconds. Added 12 classes and 0 folders.
[2016.08.17-00.25.46:728][  0]LogContentBrowser: Native class hierarchy updated for 'WidgetCarousel' in 0.0012 seconds. Added 0 classes and 0 folders.
[2016.08.17-00.25.46:810][  0]LogFeaturePack:Warning: Error in Feature pack D:/Epic Games/4.13/FeaturePacks/TP_VirtualRealityBP.upack. Failed to parse manifest: Comma token expected, but not found. Line: 31 Ch: 13
[2016.08.17-00.25.46:912][  0]LogContentBrowser: Native class hierarchy updated for 'AddContentDialog' in 0.0013 seconds. Added 0 classes and 0 folders.
[2016.08.17-00.25.46:924][  0]LogContentBrowser: Native class hierarchy updated for 'SceneOutliner' in 0.0013 seconds. Added 1 classes and 2 folders.
[2016.08.17-00.25.47:083][  0]LogCrashTracker: Crashtracker disabled due to settings.
[2016.08.17-00.25.47:095][  0]LogUObjectGlobals:Warning: Failed to find object 'Class None.'
[2016.08.17-00.25.47:133][  0]LogContentBrowser: Native class hierarchy updated for 'HierarchicalLODOutliner' in 0.0019 seconds. Added 1 classes and 2 folders.
[2016.08.17-00.25.47:134][  0]LogLoad: (Engine Initialization) Total time: 24.28 seconds
[2016.08.17-00.25.47:134][  0]LogLoad: (Engine Initialization) Total Blueprint compile time: 0.53 seconds
[2016.08.17-00.25.47:134][  0]LogExternalProfiler: Found external profiler: VSPerf
[2016.08.17-00.25.47:134][  0]LogExternalProfiler: Using external profiler: VSPerf
[2016.08.17-00.25.47:152][  0]LogOcInput: OculusInput pre-init called
[2016.08.17-00.25.47:199][  0]LogContentStreaming: Texture pool size now 800 MB
[2016.08.17-00.25.47:634][  2]LogRenderer: Reallocating scene render targets to support 828x388 (Frame:2).
[2016.08.17-00.25.48:056][  4]LogAssetRegistry: Asset discovery search completed in 12.9702 seconds
[2016.08.17-00.25.48:057][  4]LogCollectionManager: Rebuilt the object cache for 0 collections in 0.000001 seconds (found 0 objects)
[2016.08.17-00.25.48:057][  4]LogCollectionManager: Fixed up redirectors for 0 collections in 0.000088 seconds (updated 0 objects)
[2016.08.17-00.25.53:944][126]LogRenderer:Warning: Mismatch between bShouldGenerateLowQualityLightmaps(0) and r.SupportLowQualityLightmaps(1), UEngine::bShouldGenerateLowQualityLightmaps has been deprecated please use r.SupportLowQualityLightmaps instead
[2016.08.17-00.25.53:944][126]LogAIModule: Creating AISystem for world BoardMap
[2016.08.17-00.25.53:947][126]LogMaterial:Warning: Material /Game/Geometry/Meshes/CubeMaterial.CubeMaterial needed to have new flag set bUsedWithInstancedStaticMeshes !
[2016.08.17-00.25.53:955][126]LogMaterial: Missing cached shader map for material CubeMaterial, compiling. 
[2016.08.17-00.25.54:156][126]MapCheck:Warning: Warning CubeMaterial Material /Game/Geometry/Meshes/CubeMaterial.CubeMaterial was missing the usage flag bUsedWithInstancedStaticMeshes. If the material asset is not re-saved, it may not render correctly when run outside the editor. Fix
[2016.08.17-00.25.54:177][126]LogMaterial: 0.00 seconds spent updating 1 materials, 1 interfaces, 0 instances, 0 with static permutations.
[2016.08.17-00.25.54:495][126]Cmd: MAP LOAD FILE="../../../../../UnrealProjects/MyProject/Content/CardFightMasters/BoardMap.umap" TEMPLATE=0 SHOWPROGRESS=1 FEATURELEVEL=3
[2016.08.17-00.25.54:495][126]LightingResults: New page: Lighting Build
[2016.08.17-00.25.54:498][126]LoadErrors: New page: Loading map: BoardMap.umap
[2016.08.17-00.25.54:501][126]MapCheck: New page: Map Check
[2016.08.17-00.25.54:501][126]LightingResults: New page: Lighting Build
[2016.08.17-00.25.54:920][126]LogEditorServer: Finished looking for orphan Actors (0.000 secs)
[2016.08.17-00.25.55:032][126]Cmd: MAP CHECKDEP NOCLEARLOG
[2016.08.17-00.25.55:476][126]MapCheck: Info Map check complete: 0 Error(s), 0 Warning(s), took 444.28ms to complete.
[2016.08.17-00.25.55:481][126]LogFileHelpers: Loading map 'BoardMap' took 0.988
[2016.08.17-00.28.21:588][186]LogEditorViewport: Clicking on Actor (LMB): NewBlueprint2_C (NewBlueprint24)
[2016.08.17-00.28.22:546][213]LogEditorViewport: Clicking on Actor (LMB): NewBlueprint2_C (NewBlueprint23)
[2016.08.17-00.28.25:840][310]LogEditorViewport: Clicking Background
[2016.08.17-00.28.26:473][329]LogEditorViewport: Clicking on Actor (LMB): NavMeshBoundsVolume (NavMeshBoundsVolume)
[2016.08.17-00.28.31:129][458]Cmd: DELETE
[2016.08.17-00.28.31:129][458]Cmd: ACTOR DELETE
[2016.08.17-00.28.31:272][458]LogEditorActor: Deleted Actor: NavMeshBoundsVolume
[2016.08.17-00.28.31:303][458]LogEditorActor: Deleted 1 Actors (0.063 secs)
[2016.08.17-00.28.33:954][534]LogEditorViewport: Clicking on Actor (LMB): MotionControllerPawn_C (MotionControllerPawn)
[2016.08.17-00.29.47:058][728]LogEditorViewport: Clicking Background
[2016.08.17-00.29.47:426][729]LogEditorViewport: Clicking Background
[2016.08.17-00.34.09:256][ 87]LogRenderer:Warning: Mismatch between bShouldGenerateLowQualityLightmaps(0) and r.SupportLowQualityLightmaps(1), UEngine::bShouldGenerateLowQualityLightmaps has been deprecated please use r.SupportLowQualityLightmaps instead
[2016.08.17-00.34.11:753][131]LogRenderer:Warning: Mismatch between bShouldGenerateLowQualityLightmaps(0) and r.SupportLowQualityLightmaps(1), UEngine::bShouldGenerateLowQualityLightmaps has been deprecated please use r.SupportLowQualityLightmaps instead
[2016.08.17-00.34.13:018][131]LogContentBrowser: Native class hierarchy updated for 'BlueprintGraph' in 0.0025 seconds. Added 112 classes and 0 folders.
[2016.08.17-00.35.53:603][730]LogSavePackage: Save=191.57ms
[2016.08.17-00.35.53:603][730]LogSavePackage: Moving '../../../../../UnrealProjects/MyProject/Saved/BoardMap_Auto1E59251084B5F9A49045789A6870815A9.tmp' to '../../../../../UnrealProjects/MyProject/Saved/Autosaves/Game/CardFightMasters/BoardMap_Auto1.umap'
[2016.08.17-00.35.53:608][730]LogSavePackage:Display: Finished SavePackage ../../../../../UnrealProjects/MyProject/Saved/Autosaves/Game/CardFightMasters/BoardMap_Auto1.umap
[2016.08.17-00.35.53:614][730]LogFileHelpers: Editor autosave (incl. sublevels) for '/Game/CardFightMasters/BoardMap' took 0.291
[2016.08.17-00.35.53:614][730]LogFileHelpers: Editor autosave (incl. sublevels) for all levels took 0.291
[2016.08.17-02.13.38:013][ 47]LogEditorViewport: Clicking Background
[2016.08.17-02.15.01:191][307]LogRenderer:Warning: Mismatch between bShouldGenerateLowQualityLightmaps(0) and r.SupportLowQualityLightmaps(1), UEngine::bShouldGenerateLowQualityLightmaps has been deprecated please use r.SupportLowQualityLightmaps instead
[2016.08.17-02.15.01:236][308]LogRenderer:Warning: Mismatch between bShouldGenerateLowQualityLightmaps(0) and r.SupportLowQualityLightmaps(1), UEngine::bShouldGenerateLowQualityLightmaps has been deprecated please use r.SupportLowQualityLightmaps instead
[2016.08.17-02.15.01:257][309]LogRenderer:Warning: Mismatch between bShouldGenerateLowQualityLightmaps(0) and r.SupportLowQualityLightmaps(1), UEngine::bShouldGenerateLowQualityLightmaps has been deprecated please use r.SupportLowQualityLightmaps instead
[2016.08.17-02.15.04:529][421]LogRenderer:Warning: Mismatch between bShouldGenerateLowQualityLightmaps(0) and r.SupportLowQualityLightmaps(1), UEngine::bShouldGenerateLowQualityLightmaps has been deprecated please use r.SupportLowQualityLightmaps instead
[2016.08.17-02.15.04:551][422]LogRenderer:Warning: Mismatch between bShouldGenerateLowQualityLightmaps(0) and r.SupportLowQualityLightmaps(1), UEngine::bShouldGenerateLowQualityLightmaps has been deprecated please use r.SupportLowQualityLightmaps instead
[2016.08.17-02.15.12:441][713]LogRenderer:Warning: Mismatch between bShouldGenerateLowQualityLightmaps(0) and r.SupportLowQualityLightmaps(1), UEngine::bShouldGenerateLowQualityLightmaps has been deprecated please use r.SupportLowQualityLightmaps instead
[2016.08.17-02.15.16:365][820]LogRenderer: Reallocating scene render targets to support 856x540 (Frame:339311).
[2016.08.17-02.15.28:472][285]LogRenderer:Warning: Mismatch between bShouldGenerateLowQualityLightmaps(0) and r.SupportLowQualityLightmaps(1), UEngine::bShouldGenerateLowQualityLightmaps has been deprecated please use r.SupportLowQualityLightmaps instead
[2016.08.17-02.15.32:171][425]LogRenderer:Warning: Mismatch between bShouldGenerateLowQualityLightmaps(0) and r.SupportLowQualityLightmaps(1), UEngine::bShouldGenerateLowQualityLightmaps has been deprecated please use r.SupportLowQualityLightmaps instead
[2016.08.17-02.17.19:006][959]LogRenderer:Warning: Mismatch between bShouldGenerateLowQualityLightmaps(0) and r.SupportLowQualityLightmaps(1), UEngine::bShouldGenerateLowQualityLightmaps has been deprecated please use r.SupportLowQualityLightmaps instead
[2016.08.17-02.17.19:090][960]LogRenderer:Warning: Mismatch between bShouldGenerateLowQualityLightmaps(0) and r.SupportLowQualityLightmaps(1), UEngine::bShouldGenerateLowQualityLightmaps has been deprecated please use r.SupportLowQualityLightmaps instead
[2016.08.17-02.17.26:185][167]LogRenderer:Warning: Mismatch between bShouldGenerateLowQualityLightmaps(0) and r.SupportLowQualityLightmaps(1), UEngine::bShouldGenerateLowQualityLightmaps has been deprecated please use r.SupportLowQualityLightmaps instead
[2016.08.17-02.18.24:793][ 44]BlueprintLog: New page: Compile BP_MotionController
[2016.08.17-02.18.27:562][ 78]LogActorComponent: UnregisterComponent: (/Engine/Transient.EditorFloorComp) Not registered. Aborting.
[2016.08.17-02.18.27:687][ 78]LogActorComponent: UnregisterComponent: (/Engine/Transient.EditorFloorComp) Not registered. Aborting.
[2016.08.17-02.18.28:746][116]LogRenderer:Warning: Mismatch between bShouldGenerateLowQualityLightmaps(0) and r.SupportLowQualityLightmaps(1), UEngine::bShouldGenerateLowQualityLightmaps has been deprecated please use r.SupportLowQualityLightmaps instead
[2016.08.17-02.19.46:750][373]LogRenderer:Warning: Mismatch between bShouldGenerateLowQualityLightmaps(0) and r.SupportLowQualityLightmaps(1), UEngine::bShouldGenerateLowQualityLightmaps has been deprecated please use r.SupportLowQualityLightmaps instead
[2016.08.17-02.21.13:961][465]LogSavePackage: Save=229.63ms
[2016.08.17-02.21.13:962][465]LogSavePackage: Moving '../../../../../UnrealProjects/MyProject/Saved/BoardMap_Auto23C9C545746D4CECC08D097AB93D77868.tmp' to '../../../../../UnrealProjects/MyProject/Saved/Autosaves/Game/CardFightMasters/BoardMap_Auto2.umap'
[2016.08.17-02.21.13:965][465]LogSavePackage:Display: Finished SavePackage ../../../../../UnrealProjects/MyProject/Saved/Autosaves/Game/CardFightMasters/BoardMap_Auto2.umap
[2016.08.17-02.21.13:987][465]LogFileHelpers: Editor autosave (incl. sublevels) for '/Game/CardFightMasters/BoardMap' took 0.355
[2016.08.17-02.21.13:987][465]LogFileHelpers: Editor autosave (incl. sublevels) for all levels took 0.355
[2016.08.17-02.21.13:996][465]OBJ SavePackage: Generating thumbnails for [1] asset(s) in packag